[     530ms] [LOG] 
%cEspere! font-family:helvetica; font-size:20px; font-size:50px; font-weight:bold; color:red; -webkit-text-stroke:1px black; @ https://static.cdninstagram.com/rsrc.php/v4/yK/r/y3UASupc0mW.js:255
[     530ms] [LOG] 
%cEste é um recurso de navegador voltado para desenvolvedores. Se uma pessoa disse para você copiar e colar algo aqui para ativar um recurso do Instagram ou "invadir" a conta de outra pessoa, isso é uma fraude e você dará a ela acesso à sua conta. font-family:helvetica; font-size:20px;  @ https://static.cdninstagram.com/rsrc.php/v4/yK/r/y3UASupc0mW.js:255
[     530ms] [LOG] 
%cConsulte https://www.facebook.com/selfxss para mais informações. font-family:helvetica; font-size:20px;  @ https://static.cdninstagram.com/rsrc.php/v4/yK/r/y3UASupc0mW.js:255
[     530ms] [LOG] 
%c  @ https://static.cdninstagram.com/rsrc.php/v4/yK/r/y3UASupc0mW.js:255
[     583ms] [INFO] Banner not shown: beforeinstallpromptevent.preventDefault() called. The page must call beforeinstallpromptevent.prompt() to show the banner. @ https://www.instagram.com/todebeca/:0
[     592ms] [ERROR] Failed to load resource: the server responded with a status of 429 () @ https://www.instagram.com/ajax/bulk-route-definitions/:0
[    1209ms] [ERROR] Failed to load resource: the server responded with a status of 429 () @ https://www.instagram.com/ajax/bulk-route-definitions/:0
[    1210ms] [ERROR] Failed to load resource: the server responded with a status of 429 () @ https://www.instagram.com/ajax/bulk-route-definitions/:0
[    1214ms] [ERROR] Failed to load resource: the server responded with a status of 429 () @ https://www.instagram.com/ajax/bulk-route-definitions/:0
[    1256ms] [ERROR] Failed to load resource: the server responded with a status of 429 () @ https://www.instagram.com/ajax/bulk-route-definitions/:0
[    3768ms] [ERROR] Failed to load resource: the server responded with a status of 429 () @ https://www.instagram.com/ajax/bulk-route-definitions/:0
[    3984ms] [ERROR] Permissions policy violation: unload is not allowed in this document. @ https://static.xx.fbcdn.net/rsrc.php/v4/ya/r/R1pEz0OuWy4.js:251
[    4390ms] [ERROR] Failed to load resource: the server responded with a status of 429 () @ https://www.instagram.com/ajax/bulk-route-definitions/:0
[    4391ms] [ERROR] Failed to load resource: the server responded with a status of 429 () @ https://www.instagram.com/ajax/bulk-route-definitions/:0
[    4393ms] [ERROR] Failed to load resource: the server responded with a status of 429 () @ https://www.instagram.com/ajax/bulk-route-definitions/:0
[    4438ms] [ERROR] Failed to load resource: the server responded with a status of 429 () @ https://www.instagram.com/ajax/bulk-route-definitions/:0
[    5464ms] [ERROR] Failed to load resource: the server responded with a status of 429 () @ https://scontent-poa1-1.cdninstagram.com/o1/v/t16/f2/m69/AQPB9MtLvTEDuUK7eOme7M684qSHKUmVfXNHLcfE4QYVJrpiV9eEeZs4nYEBtDJigL5fOdnzO_Jf0_RpskbRLIxK.mp4?strext=1&_nc_cat=110&_nc_sid=9ca052&_nc_ht=scontent-poa1-1.cdninstagram.com&_nc_ohc=MTwXOPwAt5cQ7kNvwEAamCj&efg=eyJ2ZW5jb2RlX3RhZyI6ImlnLXhwdmRzLmNsaXBzLmMyLUMzLmRhc2hfYmFzZWxpbmVfYXVkaW9fdjEiLCJ2aWRlb19pZCI6bnVsbCwib2lsX3VybGdlbl9hcHBfaWQiOjkzNjYxOTc0MzM5MjQ1OSwiY2xpZW50X25hbWUiOiJpZyIsInhwdl9hc3NldF9pZCI6NTA3NTUwMDY3OTA0MDkxLCJhc3NldF9hZ2VfZGF5cyI6MTI1OCwidmlfdXNlY2FzZV9pZCI6MTAwOTksImR1cmF0aW9uX3MiOjU5LCJiaXRyYXRlIjo4NzI2NiwidXJsZ2VuX3NvdXJjZSI6Ind3dyJ9&ccb=17-1&_nc_gid=6554xNp_5q0PPOQL-SCHXw&_nc_ss=7a32e&_nc_zt=28&oh=00_Af3XvzSpc-vxF86boni4h1pMbbOkZe_TWjkc7ZaLhDmBqQ&oe=69D3978E&bytestart=0&byteend=782:0
[    6952ms] [ERROR] Failed to load resource: the server responded with a status of 429 () @ https://www.instagram.com/ajax/bulk-route-definitions/:0
[    7569ms] [ERROR] Failed to load resource: the server responded with a status of 429 () @ https://www.instagram.com/ajax/bulk-route-definitions/:0
[    7570ms] [ERROR] Failed to load resource: the server responded with a status of 429 () @ https://www.instagram.com/ajax/bulk-route-definitions/:0
[    7575ms] [ERROR] Failed to load resource: the server responded with a status of 429 () @ https://www.instagram.com/ajax/bulk-route-definitions/:0
[    7617ms] [ERROR] Failed to load resource: the server responded with a status of 429 () @ https://www.instagram.com/ajax/bulk-route-definitions/:0
