[     570ms] [LOG] 
%cEspere! font-family:helvetica; font-size:20px; font-size:50px; font-weight:bold; color:red; -webkit-text-stroke:1px black; @ https://static.cdninstagram.com/rsrc.php/v4/yo/r/pggYrbdbhM5.js:255
[     570ms] [LOG] 
%cEste é um recurso de navegador voltado para desenvolvedores. Se uma pessoa disse para você copiar e colar algo aqui para ativar um recurso do Instagram ou "invadir" a conta de outra pessoa, isso é uma fraude e você dará a ela acesso à sua conta. font-family:helvetica; font-size:20px;  @ https://static.cdninstagram.com/rsrc.php/v4/yo/r/pggYrbdbhM5.js:255
[     570ms] [LOG] 
%cConsulte https://www.facebook.com/selfxss para mais informações. font-family:helvetica; font-size:20px;  @ https://static.cdninstagram.com/rsrc.php/v4/yo/r/pggYrbdbhM5.js:255
[     570ms] [LOG] 
%c  @ https://static.cdninstagram.com/rsrc.php/v4/yo/r/pggYrbdbhM5.js:255
[     638ms] [INFO] Banner not shown: beforeinstallpromptevent.preventDefault() called. The page must call beforeinstallpromptevent.prompt() to show the banner. @ https://www.instagram.com/p/DOqj9oxDiHl/:0
[    1680ms] [WARNING] WebSocket connection to 'wss://edge-chat.instagram.com/chat?sid=4848163816996863&cid=ec3d4869-a0fd-47dc-8f60-e8a24c71015c' failed: WebSocket is closed before the connection is established. @ https://static.cdninstagram.com/rsrc.php/v4iMY44/yF/l/pt_BR-j/MfwG2BXDGeDGzrBUm-HRVeZX73-3Cl_PBA0eSMmxZP6Se_K9OXJlvua0lDLEjyADv8ZjvEPyOv3W7rrCxjEFdRGjiFGHh9ozlMI_ULS_sLl_d_e_HzQgIDSjQd4u9RG6sxvDgUuEsqlvNBGyFedKgMrz6asbVUbaWXNOsB2jk2OoOrFWeBLvc5NPrhIVIttAPJZYybtVzR-Sd6eJPurbH5v0JOapT6NcZPgbUMtbqvTvaYGuUsdjix_yjQRtEG_co2ryRhTZK5IaZ9nPY7d2k2Mw28D_gpm0Wu_9i1yeMss4qV8E86nJ62mzcc5kjk5TMMsiJC02ez.js:434
[    4819ms] [LOG] 
%cEspere! font-family:helvetica; font-size:20px; font-size:50px; font-weight:bold; color:red; -webkit-text-stroke:1px black; @ https://static.cdninstagram.com/rsrc.php/v4/yo/r/pggYrbdbhM5.js:255
[    4819ms] [LOG] 
%cEste é um recurso de navegador voltado para desenvolvedores. Se uma pessoa disse para você copiar e colar algo aqui para ativar um recurso do Instagram ou "invadir" a conta de outra pessoa, isso é uma fraude e você dará a ela acesso à sua conta. font-family:helvetica; font-size:20px;  @ https://static.cdninstagram.com/rsrc.php/v4/yo/r/pggYrbdbhM5.js:255
[    4819ms] [LOG] 
%cConsulte https://www.facebook.com/selfxss para mais informações. font-family:helvetica; font-size:20px;  @ https://static.cdninstagram.com/rsrc.php/v4/yo/r/pggYrbdbhM5.js:255
[    4819ms] [LOG] 
%c  @ https://static.cdninstagram.com/rsrc.php/v4/yo/r/pggYrbdbhM5.js:255
[    5173ms] [INFO] Banner not shown: beforeinstallpromptevent.preventDefault() called. The page must call beforeinstallpromptevent.prompt() to show the banner. @ https://www.instagram.com/reels/C8wnrnZxMdC/:0
[    8395ms] [ERROR] Permissions policy violation: unload is not allowed in this document. @ https://static.xx.fbcdn.net/rsrc.php/v4/ym/r/D86XEw3a--O.js:251
