[    1221ms] [LOG] 
%cEspere! font-family:helvetica; font-size:20px; font-size:50px; font-weight:bold; color:red; -webkit-text-stroke:1px black; @ https://static.cdninstagram.com/rsrc.php/v4/ya/r/R1pEz0OuWy4.js:255
[    1221ms] [LOG] 
%cEste é um recurso de navegador voltado para desenvolvedores. Se uma pessoa disse para você copiar e colar algo aqui para ativar um recurso do Instagram ou "invadir" a conta de outra pessoa, isso é uma fraude e você dará a ela acesso à sua conta. font-family:helvetica; font-size:20px;  @ https://static.cdninstagram.com/rsrc.php/v4/ya/r/R1pEz0OuWy4.js:255
[    1221ms] [LOG] 
%cConsulte https://www.facebook.com/selfxss para mais informações. font-family:helvetica; font-size:20px;  @ https://static.cdninstagram.com/rsrc.php/v4/ya/r/R1pEz0OuWy4.js:255
[    1221ms] [LOG] 
%c  @ https://static.cdninstagram.com/rsrc.php/v4/ya/r/R1pEz0OuWy4.js:255
[    1248ms] [INFO] Banner not shown: beforeinstallpromptevent.preventDefault() called. The page must call beforeinstallpromptevent.prompt() to show the banner. @ https://www.instagram.com/p/DWeyGYrgUpv/:0
[   22471ms] [LOG] 
%cEspere! font-family:helvetica; font-size:20px; font-size:50px; font-weight:bold; color:red; -webkit-text-stroke:1px black; @ https://static.cdninstagram.com/rsrc.php/v4/ya/r/R1pEz0OuWy4.js:255
[   22471ms] [LOG] 
%cEste é um recurso de navegador voltado para desenvolvedores. Se uma pessoa disse para você copiar e colar algo aqui para ativar um recurso do Instagram ou "invadir" a conta de outra pessoa, isso é uma fraude e você dará a ela acesso à sua conta. font-family:helvetica; font-size:20px;  @ https://static.cdninstagram.com/rsrc.php/v4/ya/r/R1pEz0OuWy4.js:255
[   22471ms] [LOG] 
%cConsulte https://www.facebook.com/selfxss para mais informações. font-family:helvetica; font-size:20px;  @ https://static.cdninstagram.com/rsrc.php/v4/ya/r/R1pEz0OuWy4.js:255
[   22471ms] [LOG] 
%c  @ https://static.cdninstagram.com/rsrc.php/v4/ya/r/R1pEz0OuWy4.js:255
[   22741ms] [INFO] Banner not shown: beforeinstallpromptevent.preventDefault() called. The page must call beforeinstallpromptevent.prompt() to show the banner. @ https://www.instagram.com/p/DVhN6plDVn-/:0
[   25704ms] [LOG] 
%cEspere! font-family:helvetica; font-size:20px; font-size:50px; font-weight:bold; color:red; -webkit-text-stroke:1px black; @ https://static.cdninstagram.com/rsrc.php/v4/ya/r/R1pEz0OuWy4.js:255
[   25704ms] [LOG] 
%cEste é um recurso de navegador voltado para desenvolvedores. Se uma pessoa disse para você copiar e colar algo aqui para ativar um recurso do Instagram ou "invadir" a conta de outra pessoa, isso é uma fraude e você dará a ela acesso à sua conta. font-family:helvetica; font-size:20px;  @ https://static.cdninstagram.com/rsrc.php/v4/ya/r/R1pEz0OuWy4.js:255
[   25704ms] [LOG] 
%cConsulte https://www.facebook.com/selfxss para mais informações. font-family:helvetica; font-size:20px;  @ https://static.cdninstagram.com/rsrc.php/v4/ya/r/R1pEz0OuWy4.js:255
[   25704ms] [LOG] 
%c  @ https://static.cdninstagram.com/rsrc.php/v4/ya/r/R1pEz0OuWy4.js:255
[   26036ms] [INFO] Banner not shown: beforeinstallpromptevent.preventDefault() called. The page must call beforeinstallpromptevent.prompt() to show the banner. @ https://www.instagram.com/p/DTql59JDjqB/:0
[   28658ms] [LOG] 
%cEspere! font-family:helvetica; font-size:20px; font-size:50px; font-weight:bold; color:red; -webkit-text-stroke:1px black; @ https://static.cdninstagram.com/rsrc.php/v4/ya/r/R1pEz0OuWy4.js:255
[   28658ms] [LOG] 
%cEste é um recurso de navegador voltado para desenvolvedores. Se uma pessoa disse para você copiar e colar algo aqui para ativar um recurso do Instagram ou "invadir" a conta de outra pessoa, isso é uma fraude e você dará a ela acesso à sua conta. font-family:helvetica; font-size:20px;  @ https://static.cdninstagram.com/rsrc.php/v4/ya/r/R1pEz0OuWy4.js:255
[   28658ms] [LOG] 
%cConsulte https://www.facebook.com/selfxss para mais informações. font-family:helvetica; font-size:20px;  @ https://static.cdninstagram.com/rsrc.php/v4/ya/r/R1pEz0OuWy4.js:255
[   28658ms] [LOG] 
%c  @ https://static.cdninstagram.com/rsrc.php/v4/ya/r/R1pEz0OuWy4.js:255
[   28698ms] [INFO] Banner not shown: beforeinstallpromptevent.preventDefault() called. The page must call beforeinstallpromptevent.prompt() to show the banner. @ https://www.instagram.com/p/DV__aaZDEoL/:0
[   31673ms] [LOG] 
%cEspere! font-family:helvetica; font-size:20px; font-size:50px; font-weight:bold; color:red; -webkit-text-stroke:1px black; @ https://static.cdninstagram.com/rsrc.php/v4/ya/r/R1pEz0OuWy4.js:255
[   31673ms] [LOG] 
%cEste é um recurso de navegador voltado para desenvolvedores. Se uma pessoa disse para você copiar e colar algo aqui para ativar um recurso do Instagram ou "invadir" a conta de outra pessoa, isso é uma fraude e você dará a ela acesso à sua conta. font-family:helvetica; font-size:20px;  @ https://static.cdninstagram.com/rsrc.php/v4/ya/r/R1pEz0OuWy4.js:255
[   31673ms] [LOG] 
%cConsulte https://www.facebook.com/selfxss para mais informações. font-family:helvetica; font-size:20px;  @ https://static.cdninstagram.com/rsrc.php/v4/ya/r/R1pEz0OuWy4.js:255
[   31673ms] [LOG] 
%c  @ https://static.cdninstagram.com/rsrc.php/v4/ya/r/R1pEz0OuWy4.js:255
[   31708ms] [INFO] Banner not shown: beforeinstallpromptevent.preventDefault() called. The page must call beforeinstallpromptevent.prompt() to show the banner. @ https://www.instagram.com/p/DRIXygVDAuL/:0
[   34712ms] [LOG] 
%cEspere! font-family:helvetica; font-size:20px; font-size:50px; font-weight:bold; color:red; -webkit-text-stroke:1px black; @ https://static.cdninstagram.com/rsrc.php/v4/ya/r/R1pEz0OuWy4.js:255
[   34712ms] [LOG] 
%cEste é um recurso de navegador voltado para desenvolvedores. Se uma pessoa disse para você copiar e colar algo aqui para ativar um recurso do Instagram ou "invadir" a conta de outra pessoa, isso é uma fraude e você dará a ela acesso à sua conta. font-family:helvetica; font-size:20px;  @ https://static.cdninstagram.com/rsrc.php/v4/ya/r/R1pEz0OuWy4.js:255
[   34712ms] [LOG] 
%cConsulte https://www.facebook.com/selfxss para mais informações. font-family:helvetica; font-size:20px;  @ https://static.cdninstagram.com/rsrc.php/v4/ya/r/R1pEz0OuWy4.js:255
[   34712ms] [LOG] 
%c  @ https://static.cdninstagram.com/rsrc.php/v4/ya/r/R1pEz0OuWy4.js:255
[   35176ms] [INFO] Banner not shown: beforeinstallpromptevent.preventDefault() called. The page must call beforeinstallpromptevent.prompt() to show the banner. @ https://www.instagram.com/p/DJXgF--yyot/:0
[   37719ms] [LOG] 
%cEspere! font-family:helvetica; font-size:20px; font-size:50px; font-weight:bold; color:red; -webkit-text-stroke:1px black; @ https://static.cdninstagram.com/rsrc.php/v4/ya/r/R1pEz0OuWy4.js:255
[   37719ms] [LOG] 
%cEste é um recurso de navegador voltado para desenvolvedores. Se uma pessoa disse para você copiar e colar algo aqui para ativar um recurso do Instagram ou "invadir" a conta de outra pessoa, isso é uma fraude e você dará a ela acesso à sua conta. font-family:helvetica; font-size:20px;  @ https://static.cdninstagram.com/rsrc.php/v4/ya/r/R1pEz0OuWy4.js:255
[   37719ms] [LOG] 
%cConsulte https://www.facebook.com/selfxss para mais informações. font-family:helvetica; font-size:20px;  @ https://static.cdninstagram.com/rsrc.php/v4/ya/r/R1pEz0OuWy4.js:255
[   37719ms] [LOG] 
%c  @ https://static.cdninstagram.com/rsrc.php/v4/ya/r/R1pEz0OuWy4.js:255
[   37765ms] [INFO] Banner not shown: beforeinstallpromptevent.preventDefault() called. The page must call beforeinstallpromptevent.prompt() to show the banner. @ https://www.instagram.com/p/DPEsfvFDef6/:0
[   40717ms] [LOG] 
%cEspere! font-family:helvetica; font-size:20px; font-size:50px; font-weight:bold; color:red; -webkit-text-stroke:1px black; @ https://static.cdninstagram.com/rsrc.php/v4/ya/r/R1pEz0OuWy4.js:255
[   40717ms] [LOG] 
%cEste é um recurso de navegador voltado para desenvolvedores. Se uma pessoa disse para você copiar e colar algo aqui para ativar um recurso do Instagram ou "invadir" a conta de outra pessoa, isso é uma fraude e você dará a ela acesso à sua conta. font-family:helvetica; font-size:20px;  @ https://static.cdninstagram.com/rsrc.php/v4/ya/r/R1pEz0OuWy4.js:255
[   40717ms] [LOG] 
%cConsulte https://www.facebook.com/selfxss para mais informações. font-family:helvetica; font-size:20px;  @ https://static.cdninstagram.com/rsrc.php/v4/ya/r/R1pEz0OuWy4.js:255
[   40717ms] [LOG] 
%c  @ https://static.cdninstagram.com/rsrc.php/v4/ya/r/R1pEz0OuWy4.js:255
[   40762ms] [INFO] Banner not shown: beforeinstallpromptevent.preventDefault() called. The page must call beforeinstallpromptevent.prompt() to show the banner. @ https://www.instagram.com/p/DVEvadxDova/:0
[   43114ms] [LOG] 
%cEspere! font-family:helvetica; font-size:20px; font-size:50px; font-weight:bold; color:red; -webkit-text-stroke:1px black; @ https://static.cdninstagram.com/rsrc.php/v4/ya/r/R1pEz0OuWy4.js:255
[   43114ms] [LOG] 
%cEste é um recurso de navegador voltado para desenvolvedores. Se uma pessoa disse para você copiar e colar algo aqui para ativar um recurso do Instagram ou "invadir" a conta de outra pessoa, isso é uma fraude e você dará a ela acesso à sua conta. font-family:helvetica; font-size:20px;  @ https://static.cdninstagram.com/rsrc.php/v4/ya/r/R1pEz0OuWy4.js:255
[   43114ms] [LOG] 
%cConsulte https://www.facebook.com/selfxss para mais informações. font-family:helvetica; font-size:20px;  @ https://static.cdninstagram.com/rsrc.php/v4/ya/r/R1pEz0OuWy4.js:255
[   43114ms] [LOG] 
%c  @ https://static.cdninstagram.com/rsrc.php/v4/ya/r/R1pEz0OuWy4.js:255
[   43166ms] [INFO] Banner not shown: beforeinstallpromptevent.preventDefault() called. The page must call beforeinstallpromptevent.prompt() to show the banner. @ https://www.instagram.com/usinadohamburguer/:0
[   43404ms] [ERROR] Failed to load resource: the server responded with a status of 401 () @ https://www.instagram.com/api/v1/users/web_profile_info/?username=usinadohamburguer:0
[   43960ms] [VERBOSE] [DOM] Input elements should have autocomplete attributes (suggested: "current-password"): (More info: https://goo.gl/9p2vKq) %o @ https://www.instagram.com/accounts/login/?next=%2Fusinadohamburguer%2F&source=omni_redirect:0
