[     837ms] [ERROR] Failed to load resource: the server responded with a status of 500 (Internal Server Error) @ http://localhost:8081/packages/frontend/index.bundle?platform=web&dev=false&hot=false&lazy=true&transform.engine=hermes&transform.routerRoot=app&unstable_transformProfile=hermes-stable:0
[     837ms] [ERROR] Refused to execute script from 'http://localhost:8081/packages/frontend/index.bundle?platform=web&dev=false&hot=false&lazy=true&transform.engine=hermes&transform.routerRoot=app&unstable_transformProfile=hermes-stable' because its MIME type ('application/json') is not executable, and strict MIME type checking is enabled. @ http://localhost:8081/:0
[   85258ms] [ERROR] Failed to load resource: the server responded with a status of 500 (Internal Server Error) @ http://localhost:8081/packages/frontend/index.bundle?platform=web&dev=false&hot=false&lazy=true&transform.engine=hermes&transform.routerRoot=app&unstable_transformProfile=hermes-stable:0
[   85258ms] [ERROR] Refused to execute script from 'http://localhost:8081/packages/frontend/index.bundle?platform=web&dev=false&hot=false&lazy=true&transform.engine=hermes&transform.routerRoot=app&unstable_transformProfile=hermes-stable' because its MIME type ('application/json') is not executable, and strict MIME type checking is enabled. @ http://localhost:8081/:0
[  368202ms] [ERROR] Failed to load resource: the server responded with a status of 500 (Internal Server Error) @ http://localhost:8081/packages/frontend/index.bundle?platform=web&dev=true&hot=false&lazy=true&transform.engine=hermes&transform.routerRoot=app&unstable_transformProfile=hermes-stable:0
[  368202ms] [ERROR] Refused to execute script from 'http://localhost:8081/packages/frontend/index.bundle?platform=web&dev=true&hot=false&lazy=true&transform.engine=hermes&transform.routerRoot=app&unstable_transformProfile=hermes-stable' because its MIME type ('application/json') is not executable, and strict MIME type checking is enabled. @ http://localhost:8081/:0
[  434185ms] [INFO] %cDownload the React DevTools for a better development experience: https://react.dev/link/react-devtools font-weight:bold @ http://localhost:8081/packages/frontend/index.bundle?platform=web&dev=true&hot=false&lazy=true&transform.engine=hermes&transform.routerRoot=app&unstable_transformProfile=hermes-stable:17372
[  434215ms] [LOG] Running application "main" with appParams:
 {rootTag: #root, hydrate: undefined} 
Development-level warnings: ON.
Performance optimizations: OFF. @ http://localhost:8081/packages/frontend/index.bundle?platform=web&dev=true&hot=false&lazy=true&transform.engine=hermes&transform.routerRoot=app&unstable_transformProfile=hermes-stable:65440
[ 1999810ms] [WARNING] Animated: `useNativeDriver` is not supported because the native animated module is missing. Falling back to JS-based animation. To resolve this, add `RCTAnimation` module to this app, or remove `useNativeDriver`. Make sure to run `bundle exec pod install` first. Read more about autolinking: https://github.com/react-native-community/cli/blob/master/docs/autolinking.md @ http://localhost:8081/packages/frontend/index.bundle?platform=web&dev=true&hot=false&lazy=true&transform.engine=hermes&transform.routerRoot=app&unstable_transformProfile=hermes-stable:38583
[ 3228634ms] Error: InternalError Metro has encountered an error: Importing native-only module "react-native/Libraries/Utilities/codegenNativeCommands" on web from: ../../node_modules/react-native-maps/lib/MapMarkerNativeComponent.js: /Users/felipemoreiralanna/Documents/GitHub/arena-app/node_modules/@expo/cli/src/start/server/metro/withMetroMultiPlatform.ts (720:19)


    at showCompileError (http://localhost:8081/packages/frontend/index.bundle?platform=web&dev=true&hot=false&lazy=true&transform.engine=hermes&transform.routerRoot=app&unstable_transformProfile=hermes-stable:71601:19)
    at HMRClient.<anonymous> (http://localhost:8081/packages/frontend/index.bundle?platform=web&dev=true&hot=false&lazy=true&transform.engine=hermes&transform.routerRoot=app&unstable_transformProfile=hermes-stable:71521:13)
    at HMRClient.emit (http://localhost:8081/packages/frontend/index.bundle?platform=web&dev=true&hot=false&lazy=true&transform.engine=hermes&transform.routerRoot=app&unstable_transformProfile=hermes-stable:71852:31)
    at HMRClient._ws.onmessage (http://localhost:8081/packages/frontend/index.bundle?platform=web&dev=true&hot=false&lazy=true&transform.engine=hermes&transform.routerRoot=app&unstable_transformProfile=hermes-stable:71667:18)
[ 3228646ms] [ERROR] Failed to load resource: the server responded with a status of 500 (Internal Server Error) @ http://localhost:8081/symbolicate:0
[ 3235297ms] Error: InternalError Metro has encountered an error: Importing native-only module "react-native/Libraries/Utilities/codegenNativeCommands" on web from: ../../node_modules/react-native-maps/lib/MapMarkerNativeComponent.js: /Users/felipemoreiralanna/Documents/GitHub/arena-app/node_modules/@expo/cli/src/start/server/metro/withMetroMultiPlatform.ts (720:19)


    at showCompileError (http://localhost:8081/packages/frontend/index.bundle?platform=web&dev=true&hot=false&lazy=true&transform.engine=hermes&transform.routerRoot=app&unstable_transformProfile=hermes-stable:71601:19)
    at HMRClient.<anonymous> (http://localhost:8081/packages/frontend/index.bundle?platform=web&dev=true&hot=false&lazy=true&transform.engine=hermes&transform.routerRoot=app&unstable_transformProfile=hermes-stable:71521:13)
    at HMRClient.emit (http://localhost:8081/packages/frontend/index.bundle?platform=web&dev=true&hot=false&lazy=true&transform.engine=hermes&transform.routerRoot=app&unstable_transformProfile=hermes-stable:71852:31)
    at HMRClient._ws.onmessage (http://localhost:8081/packages/frontend/index.bundle?platform=web&dev=true&hot=false&lazy=true&transform.engine=hermes&transform.routerRoot=app&unstable_transformProfile=hermes-stable:71667:18)
[ 3241468ms] Error: InternalError Metro has encountered an error: Importing native-only module "react-native/Libraries/Utilities/codegenNativeCommands" on web from: ../../node_modules/react-native-maps/lib/MapMarkerNativeComponent.js: /Users/felipemoreiralanna/Documents/GitHub/arena-app/node_modules/@expo/cli/src/start/server/metro/withMetroMultiPlatform.ts (720:19)


    at showCompileError (http://localhost:8081/packages/frontend/index.bundle?platform=web&dev=true&hot=false&lazy=true&transform.engine=hermes&transform.routerRoot=app&unstable_transformProfile=hermes-stable:71601:19)
    at HMRClient.<anonymous> (http://localhost:8081/packages/frontend/index.bundle?platform=web&dev=true&hot=false&lazy=true&transform.engine=hermes&transform.routerRoot=app&unstable_transformProfile=hermes-stable:71521:13)
    at HMRClient.emit (http://localhost:8081/packages/frontend/index.bundle?platform=web&dev=true&hot=false&lazy=true&transform.engine=hermes&transform.routerRoot=app&unstable_transformProfile=hermes-stable:71852:31)
    at HMRClient._ws.onmessage (http://localhost:8081/packages/frontend/index.bundle?platform=web&dev=true&hot=false&lazy=true&transform.engine=hermes&transform.routerRoot=app&unstable_transformProfile=hermes-stable:71667:18)
[ 3246431ms] Error: InternalError Metro has encountered an error: Importing native-only module "react-native/Libraries/Utilities/codegenNativeCommands" on web from: ../../node_modules/react-native-maps/lib/MapMarkerNativeComponent.js: /Users/felipemoreiralanna/Documents/GitHub/arena-app/node_modules/@expo/cli/src/start/server/metro/withMetroMultiPlatform.ts (720:19)


    at showCompileError (http://localhost:8081/packages/frontend/index.bundle?platform=web&dev=true&hot=false&lazy=true&transform.engine=hermes&transform.routerRoot=app&unstable_transformProfile=hermes-stable:71601:19)
    at HMRClient.<anonymous> (http://localhost:8081/packages/frontend/index.bundle?platform=web&dev=true&hot=false&lazy=true&transform.engine=hermes&transform.routerRoot=app&unstable_transformProfile=hermes-stable:71521:13)
    at HMRClient.emit (http://localhost:8081/packages/frontend/index.bundle?platform=web&dev=true&hot=false&lazy=true&transform.engine=hermes&transform.routerRoot=app&unstable_transformProfile=hermes-stable:71852:31)
    at HMRClient._ws.onmessage (http://localhost:8081/packages/frontend/index.bundle?platform=web&dev=true&hot=false&lazy=true&transform.engine=hermes&transform.routerRoot=app&unstable_transformProfile=hermes-stable:71667:18)
[ 3337697ms] Error: InternalError Metro has encountered an error: Importing native-only module "react-native/Libraries/Utilities/codegenNativeCommands" on web from: ../../node_modules/react-native-maps/lib/MapMarkerNativeComponent.js: /Users/felipemoreiralanna/Documents/GitHub/arena-app/node_modules/@expo/cli/src/start/server/metro/withMetroMultiPlatform.ts (720:19)


    at showCompileError (http://localhost:8081/packages/frontend/index.bundle?platform=web&dev=true&hot=false&lazy=true&transform.engine=hermes&transform.routerRoot=app&unstable_transformProfile=hermes-stable:71601:19)
    at HMRClient.<anonymous> (http://localhost:8081/packages/frontend/index.bundle?platform=web&dev=true&hot=false&lazy=true&transform.engine=hermes&transform.routerRoot=app&unstable_transformProfile=hermes-stable:71521:13)
    at HMRClient.emit (http://localhost:8081/packages/frontend/index.bundle?platform=web&dev=true&hot=false&lazy=true&transform.engine=hermes&transform.routerRoot=app&unstable_transformProfile=hermes-stable:71852:31)
    at HMRClient._ws.onmessage (http://localhost:8081/packages/frontend/index.bundle?platform=web&dev=true&hot=false&lazy=true&transform.engine=hermes&transform.routerRoot=app&unstable_transformProfile=hermes-stable:71667:18)
[ 3471591ms] Error: InternalError Metro has encountered an error: Importing native-only module "react-native/Libraries/Utilities/codegenNativeCommands" on web from: ../../node_modules/react-native-maps/lib/MapMarkerNativeComponent.js: /Users/felipemoreiralanna/Documents/GitHub/arena-app/node_modules/@expo/cli/src/start/server/metro/withMetroMultiPlatform.ts (720:19)


    at showCompileError (http://localhost:8081/packages/frontend/index.bundle?platform=web&dev=true&hot=false&lazy=true&transform.engine=hermes&transform.routerRoot=app&unstable_transformProfile=hermes-stable:71601:19)
    at HMRClient.<anonymous> (http://localhost:8081/packages/frontend/index.bundle?platform=web&dev=true&hot=false&lazy=true&transform.engine=hermes&transform.routerRoot=app&unstable_transformProfile=hermes-stable:71521:13)
    at HMRClient.emit (http://localhost:8081/packages/frontend/index.bundle?platform=web&dev=true&hot=false&lazy=true&transform.engine=hermes&transform.routerRoot=app&unstable_transformProfile=hermes-stable:71852:31)
    at HMRClient._ws.onmessage (http://localhost:8081/packages/frontend/index.bundle?platform=web&dev=true&hot=false&lazy=true&transform.engine=hermes&transform.routerRoot=app&unstable_transformProfile=hermes-stable:71667:18)
[ 3578654ms] Error: InternalError Metro has encountered an error: Importing native-only module "react-native/Libraries/Utilities/codegenNativeCommands" on web from: ../../node_modules/react-native-maps/lib/MapMarkerNativeComponent.js: /Users/felipemoreiralanna/Documents/GitHub/arena-app/node_modules/@expo/cli/src/start/server/metro/withMetroMultiPlatform.ts (720:19)


    at showCompileError (http://localhost:8081/packages/frontend/index.bundle?platform=web&dev=true&hot=false&lazy=true&transform.engine=hermes&transform.routerRoot=app&unstable_transformProfile=hermes-stable:71601:19)
    at HMRClient.<anonymous> (http://localhost:8081/packages/frontend/index.bundle?platform=web&dev=true&hot=false&lazy=true&transform.engine=hermes&transform.routerRoot=app&unstable_transformProfile=hermes-stable:71521:13)
    at HMRClient.emit (http://localhost:8081/packages/frontend/index.bundle?platform=web&dev=true&hot=false&lazy=true&transform.engine=hermes&transform.routerRoot=app&unstable_transformProfile=hermes-stable:71852:31)
    at HMRClient._ws.onmessage (http://localhost:8081/packages/frontend/index.bundle?platform=web&dev=true&hot=false&lazy=true&transform.engine=hermes&transform.routerRoot=app&unstable_transformProfile=hermes-stable:71667:18)
[ 3605036ms] Error: InternalError Metro has encountered an error: Importing native-only module "react-native/Libraries/Utilities/codegenNativeCommands" on web from: ../../node_modules/react-native-maps/lib/MapMarkerNativeComponent.js: /Users/felipemoreiralanna/Documents/GitHub/arena-app/node_modules/@expo/cli/src/start/server/metro/withMetroMultiPlatform.ts (720:19)


    at showCompileError (http://localhost:8081/packages/frontend/index.bundle?platform=web&dev=true&hot=false&lazy=true&transform.engine=hermes&transform.routerRoot=app&unstable_transformProfile=hermes-stable:71601:19)
    at HMRClient.<anonymous> (http://localhost:8081/packages/frontend/index.bundle?platform=web&dev=true&hot=false&lazy=true&transform.engine=hermes&transform.routerRoot=app&unstable_transformProfile=hermes-stable:71521:13)
    at HMRClient.emit (http://localhost:8081/packages/frontend/index.bundle?platform=web&dev=true&hot=false&lazy=true&transform.engine=hermes&transform.routerRoot=app&unstable_transformProfile=hermes-stable:71852:31)
    at HMRClient._ws.onmessage (http://localhost:8081/packages/frontend/index.bundle?platform=web&dev=true&hot=false&lazy=true&transform.engine=hermes&transform.routerRoot=app&unstable_transformProfile=hermes-stable:71667:18)
[ 3696156ms] Error: InternalError Metro has encountered an error: Importing native-only module "react-native/Libraries/Utilities/codegenNativeCommands" on web from: ../../node_modules/react-native-maps/lib/MapMarkerNativeComponent.js: /Users/felipemoreiralanna/Documents/GitHub/arena-app/node_modules/@expo/cli/src/start/server/metro/withMetroMultiPlatform.ts (720:19)


    at showCompileError (http://localhost:8081/packages/frontend/index.bundle?platform=web&dev=true&hot=false&lazy=true&transform.engine=hermes&transform.routerRoot=app&unstable_transformProfile=hermes-stable:71601:19)
    at HMRClient.<anonymous> (http://localhost:8081/packages/frontend/index.bundle?platform=web&dev=true&hot=false&lazy=true&transform.engine=hermes&transform.routerRoot=app&unstable_transformProfile=hermes-stable:71521:13)
    at HMRClient.emit (http://localhost:8081/packages/frontend/index.bundle?platform=web&dev=true&hot=false&lazy=true&transform.engine=hermes&transform.routerRoot=app&unstable_transformProfile=hermes-stable:71852:31)
    at HMRClient._ws.onmessage (http://localhost:8081/packages/frontend/index.bundle?platform=web&dev=true&hot=false&lazy=true&transform.engine=hermes&transform.routerRoot=app&unstable_transformProfile=hermes-stable:71667:18)
[ 3707279ms] Error: InternalError Metro has encountered an error: Importing native-only module "react-native/Libraries/Utilities/codegenNativeCommands" on web from: ../../node_modules/react-native-maps/lib/MapMarkerNativeComponent.js: /Users/felipemoreiralanna/Documents/GitHub/arena-app/node_modules/@expo/cli/src/start/server/metro/withMetroMultiPlatform.ts (720:19)


    at showCompileError (http://localhost:8081/packages/frontend/index.bundle?platform=web&dev=true&hot=false&lazy=true&transform.engine=hermes&transform.routerRoot=app&unstable_transformProfile=hermes-stable:71601:19)
    at HMRClient.<anonymous> (http://localhost:8081/packages/frontend/index.bundle?platform=web&dev=true&hot=false&lazy=true&transform.engine=hermes&transform.routerRoot=app&unstable_transformProfile=hermes-stable:71521:13)
    at HMRClient.emit (http://localhost:8081/packages/frontend/index.bundle?platform=web&dev=true&hot=false&lazy=true&transform.engine=hermes&transform.routerRoot=app&unstable_transformProfile=hermes-stable:71852:31)
    at HMRClient._ws.onmessage (http://localhost:8081/packages/frontend/index.bundle?platform=web&dev=true&hot=false&lazy=true&transform.engine=hermes&transform.routerRoot=app&unstable_transformProfile=hermes-stable:71667:18)
[ 3721571ms] Error: InternalError Metro has encountered an error: Importing native-only module "react-native/Libraries/Utilities/codegenNativeCommands" on web from: ../../node_modules/react-native-maps/lib/MapMarkerNativeComponent.js: /Users/felipemoreiralanna/Documents/GitHub/arena-app/node_modules/@expo/cli/src/start/server/metro/withMetroMultiPlatform.ts (720:19)


    at showCompileError (http://localhost:8081/packages/frontend/index.bundle?platform=web&dev=true&hot=false&lazy=true&transform.engine=hermes&transform.routerRoot=app&unstable_transformProfile=hermes-stable:71601:19)
    at HMRClient.<anonymous> (http://localhost:8081/packages/frontend/index.bundle?platform=web&dev=true&hot=false&lazy=true&transform.engine=hermes&transform.routerRoot=app&unstable_transformProfile=hermes-stable:71521:13)
    at HMRClient.emit (http://localhost:8081/packages/frontend/index.bundle?platform=web&dev=true&hot=false&lazy=true&transform.engine=hermes&transform.routerRoot=app&unstable_transformProfile=hermes-stable:71852:31)
    at HMRClient._ws.onmessage (http://localhost:8081/packages/frontend/index.bundle?platform=web&dev=true&hot=false&lazy=true&transform.engine=hermes&transform.routerRoot=app&unstable_transformProfile=hermes-stable:71667:18)
[ 3731311ms] Error: InternalError Metro has encountered an error: Importing native-only module "react-native/Libraries/Utilities/codegenNativeCommands" on web from: ../../node_modules/react-native-maps/lib/MapMarkerNativeComponent.js: /Users/felipemoreiralanna/Documents/GitHub/arena-app/node_modules/@expo/cli/src/start/server/metro/withMetroMultiPlatform.ts (720:19)


    at showCompileError (http://localhost:8081/packages/frontend/index.bundle?platform=web&dev=true&hot=false&lazy=true&transform.engine=hermes&transform.routerRoot=app&unstable_transformProfile=hermes-stable:71601:19)
    at HMRClient.<anonymous> (http://localhost:8081/packages/frontend/index.bundle?platform=web&dev=true&hot=false&lazy=true&transform.engine=hermes&transform.routerRoot=app&unstable_transformProfile=hermes-stable:71521:13)
    at HMRClient.emit (http://localhost:8081/packages/frontend/index.bundle?platform=web&dev=true&hot=false&lazy=true&transform.engine=hermes&transform.routerRoot=app&unstable_transformProfile=hermes-stable:71852:31)
    at HMRClient._ws.onmessage (http://localhost:8081/packages/frontend/index.bundle?platform=web&dev=true&hot=false&lazy=true&transform.engine=hermes&transform.routerRoot=app&unstable_transformProfile=hermes-stable:71667:18)
[ 3735423ms] Error: InternalError Metro has encountered an error: Importing native-only module "react-native/Libraries/Utilities/codegenNativeCommands" on web from: ../../node_modules/react-native-maps/lib/MapMarkerNativeComponent.js: /Users/felipemoreiralanna/Documents/GitHub/arena-app/node_modules/@expo/cli/src/start/server/metro/withMetroMultiPlatform.ts (720:19)


    at showCompileError (http://localhost:8081/packages/frontend/index.bundle?platform=web&dev=true&hot=false&lazy=true&transform.engine=hermes&transform.routerRoot=app&unstable_transformProfile=hermes-stable:71601:19)
    at HMRClient.<anonymous> (http://localhost:8081/packages/frontend/index.bundle?platform=web&dev=true&hot=false&lazy=true&transform.engine=hermes&transform.routerRoot=app&unstable_transformProfile=hermes-stable:71521:13)
    at HMRClient.emit (http://localhost:8081/packages/frontend/index.bundle?platform=web&dev=true&hot=false&lazy=true&transform.engine=hermes&transform.routerRoot=app&unstable_transformProfile=hermes-stable:71852:31)
    at HMRClient._ws.onmessage (http://localhost:8081/packages/frontend/index.bundle?platform=web&dev=true&hot=false&lazy=true&transform.engine=hermes&transform.routerRoot=app&unstable_transformProfile=hermes-stable:71667:18)
[ 3735515ms] Error: InternalError Metro has encountered an error: Importing native-only module "react-native/Libraries/Utilities/codegenNativeCommands" on web from: ../../node_modules/react-native-maps/lib/MapMarkerNativeComponent.js: /Users/felipemoreiralanna/Documents/GitHub/arena-app/node_modules/@expo/cli/src/start/server/metro/withMetroMultiPlatform.ts (720:19)


    at showCompileError (http://localhost:8081/packages/frontend/index.bundle?platform=web&dev=true&hot=false&lazy=true&transform.engine=hermes&transform.routerRoot=app&unstable_transformProfile=hermes-stable:71601:19)
    at HMRClient.<anonymous> (http://localhost:8081/packages/frontend/index.bundle?platform=web&dev=true&hot=false&lazy=true&transform.engine=hermes&transform.routerRoot=app&unstable_transformProfile=hermes-stable:71521:13)
    at HMRClient.emit (http://localhost:8081/packages/frontend/index.bundle?platform=web&dev=true&hot=false&lazy=true&transform.engine=hermes&transform.routerRoot=app&unstable_transformProfile=hermes-stable:71852:31)
    at HMRClient._ws.onmessage (http://localhost:8081/packages/frontend/index.bundle?platform=web&dev=true&hot=false&lazy=true&transform.engine=hermes&transform.routerRoot=app&unstable_transformProfile=hermes-stable:71667:18)
[ 3740390ms] Error: InternalError Metro has encountered an error: Importing native-only module "react-native/Libraries/Utilities/codegenNativeCommands" on web from: ../../node_modules/react-native-maps/lib/MapMarkerNativeComponent.js: /Users/felipemoreiralanna/Documents/GitHub/arena-app/node_modules/@expo/cli/src/start/server/metro/withMetroMultiPlatform.ts (720:19)


    at showCompileError (http://localhost:8081/packages/frontend/index.bundle?platform=web&dev=true&hot=false&lazy=true&transform.engine=hermes&transform.routerRoot=app&unstable_transformProfile=hermes-stable:71601:19)
    at HMRClient.<anonymous> (http://localhost:8081/packages/frontend/index.bundle?platform=web&dev=true&hot=false&lazy=true&transform.engine=hermes&transform.routerRoot=app&unstable_transformProfile=hermes-stable:71521:13)
    at HMRClient.emit (http://localhost:8081/packages/frontend/index.bundle?platform=web&dev=true&hot=false&lazy=true&transform.engine=hermes&transform.routerRoot=app&unstable_transformProfile=hermes-stable:71852:31)
    at HMRClient._ws.onmessage (http://localhost:8081/packages/frontend/index.bundle?platform=web&dev=true&hot=false&lazy=true&transform.engine=hermes&transform.routerRoot=app&unstable_transformProfile=hermes-stable:71667:18)
[ 3740512ms] Error: InternalError Metro has encountered an error: Importing native-only module "react-native/Libraries/Utilities/codegenNativeCommands" on web from: ../../node_modules/react-native-maps/lib/MapMarkerNativeComponent.js: /Users/felipemoreiralanna/Documents/GitHub/arena-app/node_modules/@expo/cli/src/start/server/metro/withMetroMultiPlatform.ts (720:19)


    at showCompileError (http://localhost:8081/packages/frontend/index.bundle?platform=web&dev=true&hot=false&lazy=true&transform.engine=hermes&transform.routerRoot=app&unstable_transformProfile=hermes-stable:71601:19)
    at HMRClient.<anonymous> (http://localhost:8081/packages/frontend/index.bundle?platform=web&dev=true&hot=false&lazy=true&transform.engine=hermes&transform.routerRoot=app&unstable_transformProfile=hermes-stable:71521:13)
    at HMRClient.emit (http://localhost:8081/packages/frontend/index.bundle?platform=web&dev=true&hot=false&lazy=true&transform.engine=hermes&transform.routerRoot=app&unstable_transformProfile=hermes-stable:71852:31)
    at HMRClient._ws.onmessage (http://localhost:8081/packages/frontend/index.bundle?platform=web&dev=true&hot=false&lazy=true&transform.engine=hermes&transform.routerRoot=app&unstable_transformProfile=hermes-stable:71667:18)
[ 3763974ms] Error: InternalError Metro has encountered an error: Importing native-only module "react-native/Libraries/Utilities/codegenNativeCommands" on web from: ../../node_modules/react-native-maps/lib/MapMarkerNativeComponent.js: /Users/felipemoreiralanna/Documents/GitHub/arena-app/node_modules/@expo/cli/src/start/server/metro/withMetroMultiPlatform.ts (720:19)


    at showCompileError (http://localhost:8081/packages/frontend/index.bundle?platform=web&dev=true&hot=false&lazy=true&transform.engine=hermes&transform.routerRoot=app&unstable_transformProfile=hermes-stable:71601:19)
    at HMRClient.<anonymous> (http://localhost:8081/packages/frontend/index.bundle?platform=web&dev=true&hot=false&lazy=true&transform.engine=hermes&transform.routerRoot=app&unstable_transformProfile=hermes-stable:71521:13)
    at HMRClient.emit (http://localhost:8081/packages/frontend/index.bundle?platform=web&dev=true&hot=false&lazy=true&transform.engine=hermes&transform.routerRoot=app&unstable_transformProfile=hermes-stable:71852:31)
    at HMRClient._ws.onmessage (http://localhost:8081/packages/frontend/index.bundle?platform=web&dev=true&hot=false&lazy=true&transform.engine=hermes&transform.routerRoot=app&unstable_transformProfile=hermes-stable:71667:18)
[ 3772720ms] Error: InternalError Metro has encountered an error: Importing native-only module "react-native/Libraries/Utilities/codegenNativeCommands" on web from: ../../node_modules/react-native-maps/lib/MapMarkerNativeComponent.js: /Users/felipemoreiralanna/Documents/GitHub/arena-app/node_modules/@expo/cli/src/start/server/metro/withMetroMultiPlatform.ts (720:19)


    at showCompileError (http://localhost:8081/packages/frontend/index.bundle?platform=web&dev=true&hot=false&lazy=true&transform.engine=hermes&transform.routerRoot=app&unstable_transformProfile=hermes-stable:71601:19)
    at HMRClient.<anonymous> (http://localhost:8081/packages/frontend/index.bundle?platform=web&dev=true&hot=false&lazy=true&transform.engine=hermes&transform.routerRoot=app&unstable_transformProfile=hermes-stable:71521:13)
    at HMRClient.emit (http://localhost:8081/packages/frontend/index.bundle?platform=web&dev=true&hot=false&lazy=true&transform.engine=hermes&transform.routerRoot=app&unstable_transformProfile=hermes-stable:71852:31)
    at HMRClient._ws.onmessage (http://localhost:8081/packages/frontend/index.bundle?platform=web&dev=true&hot=false&lazy=true&transform.engine=hermes&transform.routerRoot=app&unstable_transformProfile=hermes-stable:71667:18)
[ 3772780ms] Error: InternalError Metro has encountered an error: Importing native-only module "react-native/Libraries/Utilities/codegenNativeCommands" on web from: ../../node_modules/react-native-maps/lib/MapMarkerNativeComponent.js: /Users/felipemoreiralanna/Documents/GitHub/arena-app/node_modules/@expo/cli/src/start/server/metro/withMetroMultiPlatform.ts (720:19)


    at showCompileError (http://localhost:8081/packages/frontend/index.bundle?platform=web&dev=true&hot=false&lazy=true&transform.engine=hermes&transform.routerRoot=app&unstable_transformProfile=hermes-stable:71601:19)
    at HMRClient.<anonymous> (http://localhost:8081/packages/frontend/index.bundle?platform=web&dev=true&hot=false&lazy=true&transform.engine=hermes&transform.routerRoot=app&unstable_transformProfile=hermes-stable:71521:13)
    at HMRClient.emit (http://localhost:8081/packages/frontend/index.bundle?platform=web&dev=true&hot=false&lazy=true&transform.engine=hermes&transform.routerRoot=app&unstable_transformProfile=hermes-stable:71852:31)
    at HMRClient._ws.onmessage (http://localhost:8081/packages/frontend/index.bundle?platform=web&dev=true&hot=false&lazy=true&transform.engine=hermes&transform.routerRoot=app&unstable_transformProfile=hermes-stable:71667:18)
[ 3777995ms] Error: InternalError Metro has encountered an error: Importing native-only module "react-native/Libraries/Utilities/codegenNativeCommands" on web from: ../../node_modules/react-native-maps/lib/MapMarkerNativeComponent.js: /Users/felipemoreiralanna/Documents/GitHub/arena-app/node_modules/@expo/cli/src/start/server/metro/withMetroMultiPlatform.ts (720:19)


    at showCompileError (http://localhost:8081/packages/frontend/index.bundle?platform=web&dev=true&hot=false&lazy=true&transform.engine=hermes&transform.routerRoot=app&unstable_transformProfile=hermes-stable:71601:19)
    at HMRClient.<anonymous> (http://localhost:8081/packages/frontend/index.bundle?platform=web&dev=true&hot=false&lazy=true&transform.engine=hermes&transform.routerRoot=app&unstable_transformProfile=hermes-stable:71521:13)
    at HMRClient.emit (http://localhost:8081/packages/frontend/index.bundle?platform=web&dev=true&hot=false&lazy=true&transform.engine=hermes&transform.routerRoot=app&unstable_transformProfile=hermes-stable:71852:31)
    at HMRClient._ws.onmessage (http://localhost:8081/packages/frontend/index.bundle?platform=web&dev=true&hot=false&lazy=true&transform.engine=hermes&transform.routerRoot=app&unstable_transformProfile=hermes-stable:71667:18)
[ 3786804ms] Error: InternalError Metro has encountered an error: Importing native-only module "react-native/Libraries/Utilities/codegenNativeCommands" on web from: ../../node_modules/react-native-maps/lib/MapMarkerNativeComponent.js: /Users/felipemoreiralanna/Documents/GitHub/arena-app/node_modules/@expo/cli/src/start/server/metro/withMetroMultiPlatform.ts (720:19)


    at showCompileError (http://localhost:8081/packages/frontend/index.bundle?platform=web&dev=true&hot=false&lazy=true&transform.engine=hermes&transform.routerRoot=app&unstable_transformProfile=hermes-stable:71601:19)
    at HMRClient.<anonymous> (http://localhost:8081/packages/frontend/index.bundle?platform=web&dev=true&hot=false&lazy=true&transform.engine=hermes&transform.routerRoot=app&unstable_transformProfile=hermes-stable:71521:13)
    at HMRClient.emit (http://localhost:8081/packages/frontend/index.bundle?platform=web&dev=true&hot=false&lazy=true&transform.engine=hermes&transform.routerRoot=app&unstable_transformProfile=hermes-stable:71852:31)
    at HMRClient._ws.onmessage (http://localhost:8081/packages/frontend/index.bundle?platform=web&dev=true&hot=false&lazy=true&transform.engine=hermes&transform.routerRoot=app&unstable_transformProfile=hermes-stable:71667:18)
[ 3786865ms] Error: InternalError Metro has encountered an error: Importing native-only module "react-native/Libraries/Utilities/codegenNativeCommands" on web from: ../../node_modules/react-native-maps/lib/MapMarkerNativeComponent.js: /Users/felipemoreiralanna/Documents/GitHub/arena-app/node_modules/@expo/cli/src/start/server/metro/withMetroMultiPlatform.ts (720:19)


    at showCompileError (http://localhost:8081/packages/frontend/index.bundle?platform=web&dev=true&hot=false&lazy=true&transform.engine=hermes&transform.routerRoot=app&unstable_transformProfile=hermes-stable:71601:19)
    at HMRClient.<anonymous> (http://localhost:8081/packages/frontend/index.bundle?platform=web&dev=true&hot=false&lazy=true&transform.engine=hermes&transform.routerRoot=app&unstable_transformProfile=hermes-stable:71521:13)
    at HMRClient.emit (http://localhost:8081/packages/frontend/index.bundle?platform=web&dev=true&hot=false&lazy=true&transform.engine=hermes&transform.routerRoot=app&unstable_transformProfile=hermes-stable:71852:31)
    at HMRClient._ws.onmessage (http://localhost:8081/packages/frontend/index.bundle?platform=web&dev=true&hot=false&lazy=true&transform.engine=hermes&transform.routerRoot=app&unstable_transformProfile=hermes-stable:71667:18)
[ 3812904ms] Error: InternalError Metro has encountered an error: Importing native-only module "react-native/Libraries/Utilities/codegenNativeCommands" on web from: ../../node_modules/react-native-maps/lib/MapMarkerNativeComponent.js: /Users/felipemoreiralanna/Documents/GitHub/arena-app/node_modules/@expo/cli/src/start/server/metro/withMetroMultiPlatform.ts (720:19)


    at showCompileError (http://localhost:8081/packages/frontend/index.bundle?platform=web&dev=true&hot=false&lazy=true&transform.engine=hermes&transform.routerRoot=app&unstable_transformProfile=hermes-stable:71601:19)
    at HMRClient.<anonymous> (http://localhost:8081/packages/frontend/index.bundle?platform=web&dev=true&hot=false&lazy=true&transform.engine=hermes&transform.routerRoot=app&unstable_transformProfile=hermes-stable:71521:13)
    at HMRClient.emit (http://localhost:8081/packages/frontend/index.bundle?platform=web&dev=true&hot=false&lazy=true&transform.engine=hermes&transform.routerRoot=app&unstable_transformProfile=hermes-stable:71852:31)
    at HMRClient._ws.onmessage (http://localhost:8081/packages/frontend/index.bundle?platform=web&dev=true&hot=false&lazy=true&transform.engine=hermes&transform.routerRoot=app&unstable_transformProfile=hermes-stable:71667:18)
[ 3819406ms] Error: InternalError Metro has encountered an error: Importing native-only module "react-native/Libraries/Utilities/codegenNativeCommands" on web from: ../../node_modules/react-native-maps/lib/MapMarkerNativeComponent.js: /Users/felipemoreiralanna/Documents/GitHub/arena-app/node_modules/@expo/cli/src/start/server/metro/withMetroMultiPlatform.ts (720:19)


    at showCompileError (http://localhost:8081/packages/frontend/index.bundle?platform=web&dev=true&hot=false&lazy=true&transform.engine=hermes&transform.routerRoot=app&unstable_transformProfile=hermes-stable:71601:19)
    at HMRClient.<anonymous> (http://localhost:8081/packages/frontend/index.bundle?platform=web&dev=true&hot=false&lazy=true&transform.engine=hermes&transform.routerRoot=app&unstable_transformProfile=hermes-stable:71521:13)
    at HMRClient.emit (http://localhost:8081/packages/frontend/index.bundle?platform=web&dev=true&hot=false&lazy=true&transform.engine=hermes&transform.routerRoot=app&unstable_transformProfile=hermes-stable:71852:31)
    at HMRClient._ws.onmessage (http://localhost:8081/packages/frontend/index.bundle?platform=web&dev=true&hot=false&lazy=true&transform.engine=hermes&transform.routerRoot=app&unstable_transformProfile=hermes-stable:71667:18)
[ 3819492ms] Error: InternalError Metro has encountered an error: Importing native-only module "react-native/Libraries/Utilities/codegenNativeCommands" on web from: ../../node_modules/react-native-maps/lib/MapMarkerNativeComponent.js: /Users/felipemoreiralanna/Documents/GitHub/arena-app/node_modules/@expo/cli/src/start/server/metro/withMetroMultiPlatform.ts (720:19)


    at showCompileError (http://localhost:8081/packages/frontend/index.bundle?platform=web&dev=true&hot=false&lazy=true&transform.engine=hermes&transform.routerRoot=app&unstable_transformProfile=hermes-stable:71601:19)
    at HMRClient.<anonymous> (http://localhost:8081/packages/frontend/index.bundle?platform=web&dev=true&hot=false&lazy=true&transform.engine=hermes&transform.routerRoot=app&unstable_transformProfile=hermes-stable:71521:13)
    at HMRClient.emit (http://localhost:8081/packages/frontend/index.bundle?platform=web&dev=true&hot=false&lazy=true&transform.engine=hermes&transform.routerRoot=app&unstable_transformProfile=hermes-stable:71852:31)
    at HMRClient._ws.onmessage (http://localhost:8081/packages/frontend/index.bundle?platform=web&dev=true&hot=false&lazy=true&transform.engine=hermes&transform.routerRoot=app&unstable_transformProfile=hermes-stable:71667:18)
[ 3869462ms] Error: InternalError Metro has encountered an error: Importing native-only module "react-native/Libraries/Utilities/codegenNativeCommands" on web from: ../../node_modules/react-native-maps/lib/MapMarkerNativeComponent.js: /Users/felipemoreiralanna/Documents/GitHub/arena-app/node_modules/@expo/cli/src/start/server/metro/withMetroMultiPlatform.ts (720:19)


    at showCompileError (http://localhost:8081/packages/frontend/index.bundle?platform=web&dev=true&hot=false&lazy=true&transform.engine=hermes&transform.routerRoot=app&unstable_transformProfile=hermes-stable:71601:19)
    at HMRClient.<anonymous> (http://localhost:8081/packages/frontend/index.bundle?platform=web&dev=true&hot=false&lazy=true&transform.engine=hermes&transform.routerRoot=app&unstable_transformProfile=hermes-stable:71521:13)
    at HMRClient.emit (http://localhost:8081/packages/frontend/index.bundle?platform=web&dev=true&hot=false&lazy=true&transform.engine=hermes&transform.routerRoot=app&unstable_transformProfile=hermes-stable:71852:31)
    at HMRClient._ws.onmessage (http://localhost:8081/packages/frontend/index.bundle?platform=web&dev=true&hot=false&lazy=true&transform.engine=hermes&transform.routerRoot=app&unstable_transformProfile=hermes-stable:71667:18)
[ 3874232ms] Error: InternalError Metro has encountered an error: Importing native-only module "react-native/Libraries/Utilities/codegenNativeCommands" on web from: ../../node_modules/react-native-maps/lib/MapMarkerNativeComponent.js: /Users/felipemoreiralanna/Documents/GitHub/arena-app/node_modules/@expo/cli/src/start/server/metro/withMetroMultiPlatform.ts (720:19)


    at showCompileError (http://localhost:8081/packages/frontend/index.bundle?platform=web&dev=true&hot=false&lazy=true&transform.engine=hermes&transform.routerRoot=app&unstable_transformProfile=hermes-stable:71601:19)
    at HMRClient.<anonymous> (http://localhost:8081/packages/frontend/index.bundle?platform=web&dev=true&hot=false&lazy=true&transform.engine=hermes&transform.routerRoot=app&unstable_transformProfile=hermes-stable:71521:13)
    at HMRClient.emit (http://localhost:8081/packages/frontend/index.bundle?platform=web&dev=true&hot=false&lazy=true&transform.engine=hermes&transform.routerRoot=app&unstable_transformProfile=hermes-stable:71852:31)
    at HMRClient._ws.onmessage (http://localhost:8081/packages/frontend/index.bundle?platform=web&dev=true&hot=false&lazy=true&transform.engine=hermes&transform.routerRoot=app&unstable_transformProfile=hermes-stable:71667:18)
[ 3892938ms] [WARNING] Disconnected from Metro (1006)
To reconnect:
- Ensure that Metro is running and available on the same network
- Reload this app (will trigger further help if Metro cannot be connected to) @ http://localhost:8081/packages/frontend/index.bundle?platform=web&dev=true&hot=false&lazy=true&transform.engine=hermes&transform.routerRoot=app&unstable_transformProfile=hermes-stable:71560
[ 3899165ms] [WARNING] Animated: `useNativeDriver` is not supported because the native animated module is missing. Falling back to JS-based animation. To resolve this, add `RCTAnimation` module to this app, or remove `useNativeDriver`. Make sure to run `bundle exec pod install` first. Read more about autolinking: https://github.com/react-native-community/cli/blob/master/docs/autolinking.md @ http://localhost:8081/packages/frontend/index.bundle?platform=web&dev=false&hot=false&lazy=true&transform.engine=hermes&transform.routerRoot=app&unstable_transformProfile=hermes-stable:30075
[26468755ms] [WARNING] Animated: `useNativeDriver` is not supported because the native animated module is missing. Falling back to JS-based animation. To resolve this, add `RCTAnimation` module to this app, or remove `useNativeDriver`. Make sure to run `bundle exec pod install` first. Read more about autolinking: https://github.com/react-native-community/cli/blob/master/docs/autolinking.md @ http://localhost:8081/packages/frontend/index.bundle?platform=web&dev=false&hot=false&lazy=true&transform.engine=hermes&transform.routerRoot=app&unstable_transformProfile=hermes-stable:30081
[26470986ms] [WARNING] Animated: `useNativeDriver` is not supported because the native animated module is missing. Falling back to JS-based animation. To resolve this, add `RCTAnimation` module to this app, or remove `useNativeDriver`. Make sure to run `bundle exec pod install` first. Read more about autolinking: https://github.com/react-native-community/cli/blob/master/docs/autolinking.md @ http://localhost:8081/packages/frontend/index.bundle?platform=web&dev=false&hot=false&lazy=true&transform.engine=hermes&transform.routerRoot=app&unstable_transformProfile=hermes-stable:30081
[32482504ms] [WARNING] You are using deprecated show_ads.js script to display AdSense ads. To improve performance of your ads switch to the modern adsbygoogle.js script. See instructions on https://support.google.com/adsense/answer/9190028. @ https://pagead2.googlesyndication.com/pagead/show_ads.js:48
[32482823ms] [ERROR] Failed to load resource: the server responded with a status of 400 () @ https://googleads.g.doubleclick.net/pagead/ads?npa=1&client=ca-pub-679262469369meta%20name%3D%22description%229784&output=html&adk=1812271804&adf=3025194257&lmt=1775645732&plat=3%3A16%2C4%3A16%2C9%3A32776%2C16%3A8388608%2C17%3A32%2C24%3A32%2C25%3A32%2C30%3A1048576%2C32%3A32%2C41%3A32%2C42%3A32%2C43%3A32&format=0x0&url=https%3A%2F%2Fwww.escavador.com%2Fsobre%2F561218651%2Fsofia-coelho-sabb-guimares&pra=5&aiof=9&asro=0&aiapmd=0.0001&aiapmid=1&aiactd=0&aicctd=0&ailctd=0&aimartd=4&aieuf=1&aicrs=1&uach=WyJtYWNPUyIsIjE1LjYuMSIsImFybSIsIiIsIjE0Ni4wLjc2ODAuMTc4IixudWxsLDAsbnVsbCwiNjQiLFtbIkNocm9taXVtIiwiMTQ2LjAuNzY4MC4xNzgiXSxbIk5vdC1BLkJyYW5kIiwiMjQuMC4wLjAiXSxbIkdvb2dsZSBDaHJvbWUiLCIxNDYuMC43NjgwLjE3OCJdXSwwXQ..&abgtt=10&dt=1775645732410&bpp=7&bdt=192&idt=73&shv=r20260402&mjsv=m202604070101&ptt=9&saldr=aa&abxe=1&cookie_enabled=1&eoidce=1&nras=1&correlator=8671136915297&frm=20&pv=2&u_tz=-180&u_his=3&u_h=956&u_w=1470&u_ah=843&u_aw=1470&u_cd=30&u_sd=2&dmc=8&adx=-12245933&ady=-12245933&biw=1185&bih=712&scr_x=0&scr_y=0&eid=31097490%2C95385799%2C95386648%2C31097715%2C95386957&oid=2&pvsid=4177938157175842&tmod=1311391140&uas=0&nvt=1&fsapi=1&ref=https%3A%2F%2Fwww.google.com%2F&fc=1920&brdim=186%2C81%2C186%2C81%2C1470%2C38%2C1200%2C799%2C1200%2C712&vis=1&rsz=%7C%7Cs%7C&abl=NS&fu=32768&bc=31&bz=1&ifi=1&uci=a!1&fsb=1&dtd=82:0
[32482898ms] [WARNING] The following functions are deprecated: googletag.pubads().setTagForChildDirectedTreatment(), googletag.pubads().clearTagForChildDirectedTreatment(), googletag.pubads().setRequestNonPersonalizedAds(), and googletag.pubads().setTagForUnderAgeOfConsent(). Please use googletag.pubads().setPrivacySettings() instead. @ https://www.escavador.com/assets/js/sm/bundle.js?id=fba224d3f012ee48ea92f469e0d8cd12:1
[32482823ms] [ERROR] Failed to load resource: the server responded with a status of 400 () @ https://googleads.g.doubleclick.net/pagead/ads?npa=1&client=ca-pub-679262469369meta%20name%3D%22description%229784&output=html&adk=1812271804&adf=3025194257&lmt=1775645732&plat=3%3A16%2C4%3A16%2C9%3A32776%2C16%3A8388608%2C17%3A32%2C24%3A32%2C25%3A32%2C30%3A1048576%2C32%3A32%2C41%3A32%2C42%3A32%2C43%3A32&format=0x0&url=https%3A%2F%2Fwww.escavador.com%2Fsobre%2F561218651%2Fsofia-coelho-sabb-guimares&pra=5&aiof=9&asro=0&aiapmd=0.0001&aiapmid=1&aiactd=0&aicctd=0&ailctd=0&aimartd=4&aieuf=1&aicrs=1&uach=WyJtYWNPUyIsIjE1LjYuMSIsImFybSIsIiIsIjE0Ni4wLjc2ODAuMTc4IixudWxsLDAsbnVsbCwiNjQiLFtbIkNocm9taXVtIiwiMTQ2LjAuNzY4MC4xNzgiXSxbIk5vdC1BLkJyYW5kIiwiMjQuMC4wLjAiXSxbIkdvb2dsZSBDaHJvbWUiLCIxNDYuMC43NjgwLjE3OCJdXSwwXQ..&abgtt=10&dt=1775645732410&bpp=7&bdt=192&idt=73&shv=r20260402&mjsv=m202604070101&ptt=9&saldr=aa&abxe=1&cookie_enabled=1&eoidce=1&nras=1&correlator=8671136915297&frm=20&pv=2&u_tz=-180&u_his=3&u_h=956&u_w=1470&u_ah=843&u_aw=1470&u_cd=30&u_sd=2&dmc=8&adx=-12245933&ady=-12245933&biw=1185&bih=712&scr_x=0&scr_y=0&eid=31097490%2C95385799%2C95386648%2C31097715%2C95386957&oid=2&pvsid=4177938157175842&tmod=1311391140&uas=0&nvt=1&fsapi=1&ref=https%3A%2F%2Fwww.google.com%2F&fc=1920&brdim=186%2C81%2C186%2C81%2C1470%2C38%2C1200%2C799%2C1200%2C712&vis=1&rsz=%7C%7Cs%7C&abl=NS&fu=32768&bc=31&bz=1&ifi=1&uci=a!1&fsb=1&dtd=82:0
[32482823ms] [ERROR] Failed to load resource: the server responded with a status of 400 () @ https://googleads.g.doubleclick.net/pagead/ads?npa=1&client=ca-pub-679262469369meta%20name%3D%22description%229784&output=html&adk=1812271804&adf=3025194257&lmt=1775645732&plat=3%3A16%2C4%3A16%2C9%3A32776%2C16%3A8388608%2C17%3A32%2C24%3A32%2C25%3A32%2C30%3A1048576%2C32%3A32%2C41%3A32%2C42%3A32%2C43%3A32&format=0x0&url=https%3A%2F%2Fwww.escavador.com%2Fsobre%2F561218651%2Fsofia-coelho-sabb-guimares&pra=5&aiof=9&asro=0&aiapmd=0.0001&aiapmid=1&aiactd=0&aicctd=0&ailctd=0&aimartd=4&aieuf=1&aicrs=1&uach=WyJtYWNPUyIsIjE1LjYuMSIsImFybSIsIiIsIjE0Ni4wLjc2ODAuMTc4IixudWxsLDAsbnVsbCwiNjQiLFtbIkNocm9taXVtIiwiMTQ2LjAuNzY4MC4xNzgiXSxbIk5vdC1BLkJyYW5kIiwiMjQuMC4wLjAiXSxbIkdvb2dsZSBDaHJvbWUiLCIxNDYuMC43NjgwLjE3OCJdXSwwXQ..&abgtt=10&dt=1775645732410&bpp=7&bdt=192&idt=73&shv=r20260402&mjsv=m202604070101&ptt=9&saldr=aa&abxe=1&cookie_enabled=1&eoidce=1&nras=1&correlator=8671136915297&frm=20&pv=2&u_tz=-180&u_his=3&u_h=956&u_w=1470&u_ah=843&u_aw=1470&u_cd=30&u_sd=2&dmc=8&adx=-12245933&ady=-12245933&biw=1185&bih=712&scr_x=0&scr_y=0&eid=31097490%2C95385799%2C95386648%2C31097715%2C95386957&oid=2&pvsid=4177938157175842&tmod=1311391140&uas=0&nvt=1&fsapi=1&ref=https%3A%2F%2Fwww.google.com%2F&fc=1920&brdim=186%2C81%2C186%2C81%2C1470%2C38%2C1200%2C799%2C1200%2C712&vis=1&rsz=%7C%7Cs%7C&abl=NS&fu=32768&bc=31&bz=1&ifi=1&uci=a!1&fsb=1&dtd=82:0
[32482823ms] [ERROR] Failed to load resource: the server responded with a status of 400 () @ https://googleads.g.doubleclick.net/pagead/ads?npa=1&client=ca-pub-679262469369meta%20name%3D%22description%229784&output=html&adk=1812271804&adf=3025194257&lmt=1775645732&plat=3%3A16%2C4%3A16%2C9%3A32776%2C16%3A8388608%2C17%3A32%2C24%3A32%2C25%3A32%2C30%3A1048576%2C32%3A32%2C41%3A32%2C42%3A32%2C43%3A32&format=0x0&url=https%3A%2F%2Fwww.escavador.com%2Fsobre%2F561218651%2Fsofia-coelho-sabb-guimares&pra=5&aiof=9&asro=0&aiapmd=0.0001&aiapmid=1&aiactd=0&aicctd=0&ailctd=0&aimartd=4&aieuf=1&aicrs=1&uach=WyJtYWNPUyIsIjE1LjYuMSIsImFybSIsIiIsIjE0Ni4wLjc2ODAuMTc4IixudWxsLDAsbnVsbCwiNjQiLFtbIkNocm9taXVtIiwiMTQ2LjAuNzY4MC4xNzgiXSxbIk5vdC1BLkJyYW5kIiwiMjQuMC4wLjAiXSxbIkdvb2dsZSBDaHJvbWUiLCIxNDYuMC43NjgwLjE3OCJdXSwwXQ..&abgtt=10&dt=1775645732410&bpp=7&bdt=192&idt=73&shv=r20260402&mjsv=m202604070101&ptt=9&saldr=aa&abxe=1&cookie_enabled=1&eoidce=1&nras=1&correlator=8671136915297&frm=20&pv=2&u_tz=-180&u_his=3&u_h=956&u_w=1470&u_ah=843&u_aw=1470&u_cd=30&u_sd=2&dmc=8&adx=-12245933&ady=-12245933&biw=1185&bih=712&scr_x=0&scr_y=0&eid=31097490%2C95385799%2C95386648%2C31097715%2C95386957&oid=2&pvsid=4177938157175842&tmod=1311391140&uas=0&nvt=1&fsapi=1&ref=https%3A%2F%2Fwww.google.com%2F&fc=1920&brdim=186%2C81%2C186%2C81%2C1470%2C38%2C1200%2C799%2C1200%2C712&vis=1&rsz=%7C%7Cs%7C&abl=NS&fu=32768&bc=31&bz=1&ifi=1&uci=a!1&fsb=1&dtd=82:0
[32483630ms] [ERROR] Attestation check for Shared Storage on https://www.googleadservices.com failed. @ https://www.googleadservices.com/pagead/managed/js/activeview/current/reach_worklet.html:0
[32483633ms] [ERROR] Attestation check for Shared Storage on https://www.googleadservices.com failed. @ https://www.googleadservices.com/pagead/managed/js/activeview/current/reach_worklet.html:0
[32483634ms] [ERROR] Attestation check for Shared Storage on https://www.googleadservices.com failed. @ https://www.googleadservices.com/pagead/managed/js/activeview/current/reach_worklet.html:0
[32487466ms] [ERROR] TypeError: Cannot read properties of null (reading 'sendMessage')
    at zs.sendMessage (https://www.gstatic.com/og/_/js/k=og.asy.en_US.d1h1rKpLlxs.2019.O/rt=j/m=_ac,_awd,ada,lldp,qads/exm=/d=1/ed=1/rs=AA2YrTvBxKuiH1HaMdgFH1UmOzRW-rS9_A:448:462)
    at zs.af (https://www.gstatic.com/og/_/js/k=og.asy.en_US.d1h1rKpLlxs.2019.O/rt=j/m=_ac,_awd,ada,lldp,qads/exm=/d=1/ed=1/rs=AA2YrTvBxKuiH1HaMdgFH1UmOzRW-rS9_A:458:230)
    at X.K (https://www.gstatic.com/og/_/js/k=og.asy.en_US.d1h1rKpLlxs.2019.O/rt=j/m=_ac,_awd,ada,lldp,qads/exm=/d=1/ed=1/rs=AA2YrTvBxKuiH1HaMdgFH1UmOzRW-rS9_A:516:445)
    at https://www.google.com/xjs/_/js/k=xjs.s.pt_BR.pwR5461njd8.2019.O/ck=xjs.s.p1TGKewALMc.L.B1.O/am=AAACAAAIAgAAAAAAAAAAAIAAAIQAAAAAAAAAAAAAAAAAAAAEAAEAAAEAAAAAAAAIAAAAAAAAAAAAAACAAAAAgCAAAgBQAgACEIAIQAAAJgAAAAAAAACg0AcQAKABAAAAAADwAGAAQgQAAAAAAAAAIBAgAAEAQAIAAAAAAAAIAAAAACAAAAAABAAAAAADAAEAAAFEggAAAFAoAAAgAAAAAAIAAAAAAAAAAAAQRAAAAEACCQAA_m3fgAcAAgAAAAAAAAAAAQAAAAAAAQCAAUkaAAAAAAAAAGHAAgAAAITCAAAgACAIgAAAAAAAABAgAQIACBgAAgAAEAAAAAAAAAAAAAEAggAKASAAKAABAQAAAuAAAAAAAAAAAAAICAAAAAAAAAEEABAQgBBAAAAAAAAgAAAUIAAAAEAOAAAAAAAAAiIAEIAAADCCDABAogAAIgAABADAAAAgFAAAABQESOAHAEAAAAAAAAAAnAAAAAAIBAAAABIAX0QYAQBAAAAAAADkAPB4AIcICgAAAAAAAAAAAAAAAAAAAAAAAAABUADjQPILAiAAAAAAAAAAAAAAAAAAAAAAAAAAAABAirApAAAAAADA1gCA/d=0/dg=0/br=1/ujg=1/rs=ACT90oF8XvWdfpKVXiauo8jTXOyNPQUCbg/cb=loaded_h_0/m=sy93,byfTOb,lsjVmc,LEikZe,sy91,kWgXee,ovKuLd,sgY6Zb,qafBPd,ebZ3mb,dowIGb,sy6cq,sy3c5,DpX64d,uKlGbf,sy6cr,EufiNb,sy64z,syu1,sytu,sytk,sytp,syuo,XCToU,sy1kd,gHhSjd,sy1kn,uUzMF,kN1Sic,sy1kq,Zby8rf,sy9tx,sy5re,zmptHf,EgWzsb,sy303,YHnUBc,sy3g6,w4UyN,syvb,sytb,syrs,Mbif2,ipWLfe,syve,QVaUhf,sy1nv,sy1nu,sy1nt,sy1nr,sy1ns,SJpD2c,eAR4Hf,sy6d9,nN2e1e,kQvlef,sy35o,WlNQGd,sy1sn,syxw,sy1tj,Tia57b,KpRAue,X8jtef,sy6da,OXpAmf,sy5uv,sy34f,sy117,syx0,sywq,sy11d,sy11b,sy11f,sy5uu,nRwWne,sy4aa,sy4a3,sy49x,sy49w,sy49v,UHgVpe,sy1sr,sy1sy,sy1t2,sy1tl,NyeqM,sy8uw,sy8uu,sy8ut,sy78n,syxc,syxh,O63OXd,syj6,aLUfP,wQlYve,sy3g7,sy2ma,syyr,syys,syyn,syyt,syym,syyu,syyc,syyb,syya,syyd,syyv,syyw,syy5,eZ9XOd,syte,sytd,sytf,L1AAkb,sy14f,sy14g,YjTCDb,sy14d,sy14e,q00IXe,syj1,sy143,BYwJlf,syxu,syxv,rtH1bd,PGyklf,sy14l,syxz,sy14k,sy14j,sy14h,sy146,sy14o,Fh0l0,sy1k5,sy1k6,pzkXnb,sy16e,sy142,FRLJrd,sy1k8,sy1k9,eBYPP,sy6bw,HYSCof,sy6dm,sHZ92c,VEbNoe,sy9v0,sy76p,sy1st,KSk4yc?xjs=s3:283:462
    at https://www.google.com/xjs/_/js/k=xjs.s.pt_BR.pwR5461njd8.2019.O/ck=xjs.s.p1TGKewALMc.L.B1.O/am=AAACAAAIAgAAAAAAAAAAAIAAAIQAAAAAAAAAAAAAAAAAAAAEAAEAAAEAAAAAAAAIAAAAAAAAAAAAAACAAAAAgCAAAgBQAgACEIAIQAAAJgAAAAAAAACg0AcQAKABAAAAAADwAGAAQgQAAAAAAAAAIBAgAAEAQAIAAAAAAAAIAAAAACAAAAAABAAAAAADAAEAAAFEggAAAFAoAAAgAAAAAAIAAAAAAAAAAAAQRAAAAEACCQAA_m3fgAcAAgAAAAAAAAAAAQAAAAAAAQCAAUkaAAAAAAAAAGHAAgAAAITCAAAgACAIgAAAAAAAABAgAQIACBgAAgAAEAAAAAAAAAAAAAEAggAKASAAKAABAQAAAuAAAAAAAAAAAAAICAAAAAAAAAEEABAQgBBAAAAAAAAgAAAUIAAAAEAOAAAAAAAAAiIAEIAAADCCDABAogAAIgAABADAAAAgFAAAABQESOAHAEAAAAAAAAAAnAAAAAAIBAAAABIAX0QYAQBAAAAAAADkAPB4AIcICgAAAAAAAAAAAAAAAAAAAAAAAAABUADjQPILAiAAAAAAAAAAAAAAAAAAAAAAAAAAAABAirApAAAAAADA1gCA/d=0/dg=0/br=1/ujg=1/rs=ACT90oF8XvWdfpKVXiauo8jTXOyNPQUCbg/cb=loaded_h_0/m=sy93,byfTOb,lsjVmc,LEikZe,sy91,kWgXee,ovKuLd,sgY6Zb,qafBPd,ebZ3mb,dowIGb,sy6cq,sy3c5,DpX64d,uKlGbf,sy6cr,EufiNb,sy64z,syu1,sytu,sytk,sytp,syuo,XCToU,sy1kd,gHhSjd,sy1kn,uUzMF,kN1Sic,sy1kq,Zby8rf,sy9tx,sy5re,zmptHf,EgWzsb,sy303,YHnUBc,sy3g6,w4UyN,syvb,sytb,syrs,Mbif2,ipWLfe,syve,QVaUhf,sy1nv,sy1nu,sy1nt,sy1nr,sy1ns,SJpD2c,eAR4Hf,sy6d9,nN2e1e,kQvlef,sy35o,WlNQGd,sy1sn,syxw,sy1tj,Tia57b,KpRAue,X8jtef,sy6da,OXpAmf,sy5uv,sy34f,sy117,syx0,sywq,sy11d,sy11b,sy11f,sy5uu,nRwWne,sy4aa,sy4a3,sy49x,sy49w,sy49v,UHgVpe,sy1sr,sy1sy,sy1t2,sy1tl,NyeqM,sy8uw,sy8uu,sy8ut,sy78n,syxc,syxh,O63OXd,syj6,aLUfP,wQlYve,sy3g7,sy2ma,syyr,syys,syyn,syyt,syym,syyu,syyc,syyb,syya,syyd,syyv,syyw,syy5,eZ9XOd,syte,sytd,sytf,L1AAkb,sy14f,sy14g,YjTCDb,sy14d,sy14e,q00IXe,syj1,sy143,BYwJlf,syxu,syxv,rtH1bd,PGyklf,sy14l,syxz,sy14k,sy14j,sy14h,sy146,sy14o,Fh0l0,sy1k5,sy1k6,pzkXnb,sy16e,sy142,FRLJrd,sy1k8,sy1k9,eBYPP,sy6bw,HYSCof,sy6dm,sHZ92c,VEbNoe,sy9v0,sy76p,sy1st,KSk4yc?xjs=s3:265:1499
    at Object.v (https://www.gstatic.com/og/_/js/k=og.asy.en_US.d1h1rKpLlxs.2019.O/rt=j/m=_ac,_awd,ada,lldp,qads/exm=/d=1/ed=1/rs=AA2YrTvBxKuiH1HaMdgFH1UmOzRW-rS9_A:129:285)
    at Array.forEach (<anonymous>)
    at Object.Sd (https://www.gstatic.com/og/_/js/k=og.asy.en_US.d1h1rKpLlxs.2019.O/rt=j/m=_ac,_awd,ada,lldp,qads/exm=/d=1/ed=1/rs=AA2YrTvBxKuiH1HaMdgFH1UmOzRW-rS9_A:70:879)
    at Jh (https://www.gstatic.com/og/_/js/k=og.asy.en_US.d1h1rKpLlxs.2019.O/rt=j/m=_ac,_awd,ada,lldp,qads/exm=/d=1/ed=1/rs=AA2YrTvBxKuiH1HaMdgFH1UmOzRW-rS9_A:128:664)
    at Object.then (https://www.gstatic.com/og/_/js/k=og.asy.en_US.d1h1rKpLlxs.2019.O/rt=j/m=_ac,_awd,ada,lldp,qads/exm=/d=1/ed=1/rs=AA2YrTvBxKuiH1HaMdgFH1UmOzRW-rS9_A:129:99) @ https://www.gstatic.com/og/_/js/k=og.asy.en_US.d1h1rKpLlxs.2019.O/rt=j/m=_ac,_awd,ada,lldp,qads/exm=/d=1/ed=1/rs=AA2YrTvBxKuiH1HaMdgFH1UmOzRW-rS9_A:127
