[    1121ms] [LOG] 
%cEspere! font-family:helvetica; font-size:20px; font-size:50px; font-weight:bold; color:red; -webkit-text-stroke:1px black; @ https://static.cdninstagram.com/rsrc.php/v4/yK/r/y3UASupc0mW.js:255
[    1121ms] [LOG] 
%cEste é um recurso de navegador voltado para desenvolvedores. Se uma pessoa disse para você copiar e colar algo aqui para ativar um recurso do Instagram ou "invadir" a conta de outra pessoa, isso é uma fraude e você dará a ela acesso à sua conta. font-family:helvetica; font-size:20px;  @ https://static.cdninstagram.com/rsrc.php/v4/yK/r/y3UASupc0mW.js:255
[    1121ms] [LOG] 
%cConsulte https://www.facebook.com/selfxss para mais informações. font-family:helvetica; font-size:20px;  @ https://static.cdninstagram.com/rsrc.php/v4/yK/r/y3UASupc0mW.js:255
[    1121ms] [LOG] 
%c  @ https://static.cdninstagram.com/rsrc.php/v4/yK/r/y3UASupc0mW.js:255
[    1148ms] [ERROR] Failed to load resource: the server responded with a status of 429 () @ https://www.instagram.com/ajax/bulk-route-definitions/:0
[    1149ms] [ERROR] Failed to load resource: the server responded with a status of 429 () @ https://www.instagram.com/ajax/bulk-route-definitions/:0
[    1216ms] [INFO] Banner not shown: beforeinstallpromptevent.preventDefault() called. The page must call beforeinstallpromptevent.prompt() to show the banner. @ https://www.instagram.com/marlonteixeirafotografia/reel/DPWRDqokWok/:0
[    1236ms] [ERROR] Failed to load resource: the server responded with a status of 429 () @ https://www.instagram.com/ajax/bulk-route-definitions/:0
[    1240ms] [ERROR] Failed to load resource: the server responded with a status of 429 () @ https://www.instagram.com/ajax/bulk-route-definitions/:0
[    4333ms] [ERROR] Failed to load resource: the server responded with a status of 429 () @ https://www.instagram.com/ajax/bulk-route-definitions/:0
[    4333ms] [ERROR] Failed to load resource: the server responded with a status of 429 () @ https://www.instagram.com/ajax/bulk-route-definitions/:0
[    4412ms] [ERROR] Failed to load resource: the server responded with a status of 429 () @ https://www.instagram.com/ajax/bulk-route-definitions/:0
[    4415ms] [ERROR] Failed to load resource: the server responded with a status of 429 () @ https://www.instagram.com/ajax/bulk-route-definitions/:0
[    4536ms] [ERROR] Permissions policy violation: unload is not allowed in this document. @ https://static.xx.fbcdn.net/rsrc.php/v4/ya/r/R1pEz0OuWy4.js:251
[    7517ms] [ERROR] Failed to load resource: the server responded with a status of 429 () @ https://www.instagram.com/ajax/bulk-route-definitions/:0
[    7518ms] [ERROR] Failed to load resource: the server responded with a status of 429 () @ https://www.instagram.com/ajax/bulk-route-definitions/:0
[    7586ms] [ERROR] Failed to load resource: the server responded with a status of 429 () @ https://www.instagram.com/ajax/bulk-route-definitions/:0
[    7589ms] [ERROR] Failed to load resource: the server responded with a status of 429 () @ https://www.instagram.com/ajax/bulk-route-definitions/:0
[   11216ms] [ERROR] Failed to load resource: the server responded with a status of 429 () @ https://www.instagram.com/ajax/bulk-route-definitions/:0
[   14837ms] [ERROR] Failed to load resource: the server responded with a status of 429 () @ https://www.instagram.com/ajax/bulk-route-definitions/:0
