[     196ms] [INFO] %cDownload the React DevTools for a better development experience: https://react.dev/link/react-devtools font-weight:bold @ http://localhost:5180/node_modules/.vite/deps/react-dom_client.js?v=880dc847:20102
[ 4657918ms] [LOG] [vite] server connection lost. Polling for restart... @ http://localhost:5180/@vite/client:963
[ 4657926ms] [ERROR] WebSocket connection to 'ws://localhost:5180/' failed: Error in connection establishment: net::ERR_CONNECTION_REFUSED @ http://localhost:5180/@vite/client:1034
[ 4658928ms] [ERROR] WebSocket connection to 'ws://localhost:5180/' failed: Error in connection establishment: net::ERR_CONNECTION_REFUSED @ http://localhost:5180/@vite/client:1034
[ 4659930ms] [ERROR] WebSocket connection to 'ws://localhost:5180/' failed: Error in connection establishment: net::ERR_CONNECTION_REFUSED @ http://localhost:5180/@vite/client:1034
[ 4660932ms] [ERROR] WebSocket connection to 'ws://localhost:5180/' failed: Error in connection establishment: net::ERR_CONNECTION_REFUSED @ http://localhost:5180/@vite/client:1034
[ 4662495ms] [INFO] %cDownload the React DevTools for a better development experience: https://react.dev/link/react-devtools font-weight:bold @ http://localhost:5180/node_modules/.vite/deps/react-dom_client.js?v=76d2e382:20102
[ 4662534ms] [ERROR] Invalid DOM property `%s`. Did you mean `%s`? fetchpriority fetchPriority @ http://localhost:5180/node_modules/.vite/deps/react-dom_client.js?v=76d2e382:2396
[ 5705325ms] [LOG] [vite] server connection lost. Polling for restart... @ http://localhost:5180/@vite/client:963
[ 5705327ms] [ERROR] WebSocket connection to 'ws://localhost:5180/' failed: Error in connection establishment: net::ERR_CONNECTION_REFUSED @ http://localhost:5180/@vite/client:1034
[ 5706330ms] [ERROR] WebSocket connection to 'ws://localhost:5180/' failed: Error in connection establishment: net::ERR_CONNECTION_REFUSED @ http://localhost:5180/@vite/client:1034
[ 5707333ms] [ERROR] WebSocket connection to 'ws://localhost:5180/' failed: Error in connection establishment: net::ERR_CONNECTION_REFUSED @ http://localhost:5180/@vite/client:1034
[ 5708337ms] [ERROR] WebSocket connection to 'ws://localhost:5180/' failed: Error in connection establishment: net::ERR_CONNECTION_REFUSED @ http://localhost:5180/@vite/client:1034
[ 5709341ms] [ERROR] WebSocket connection to 'ws://localhost:5180/' failed: Error in connection establishment: net::ERR_CONNECTION_REFUSED @ http://localhost:5180/@vite/client:1034
[ 5710346ms] [ERROR] WebSocket connection to 'ws://localhost:5180/' failed: Error in connection establishment: net::ERR_CONNECTION_REFUSED @ http://localhost:5180/@vite/client:1034
[ 5711356ms] [ERROR] WebSocket connection to 'ws://localhost:5180/' failed: Error in connection establishment: net::ERR_CONNECTION_REFUSED @ http://localhost:5180/@vite/client:1034
[ 5712375ms] [ERROR] WebSocket connection to 'ws://localhost:5180/' failed: Error in connection establishment: net::ERR_CONNECTION_REFUSED @ http://localhost:5180/@vite/client:1034
[ 5713420ms] [ERROR] WebSocket connection to 'ws://localhost:5180/' failed: Error in connection establishment: net::ERR_CONNECTION_REFUSED @ http://localhost:5180/@vite/client:1034
[ 5714457ms] [ERROR] WebSocket connection to 'ws://localhost:5180/' failed: Error in connection establishment: net::ERR_CONNECTION_REFUSED @ http://localhost:5180/@vite/client:1034
[ 5715592ms] [ERROR] WebSocket connection to 'ws://localhost:5180/' failed: Error in connection establishment: net::ERR_CONNECTION_REFUSED @ http://localhost:5180/@vite/client:1034
[ 5716681ms] [ERROR] WebSocket connection to 'ws://localhost:5180/' failed: Error in connection establishment: net::ERR_CONNECTION_REFUSED @ http://localhost:5180/@vite/client:1034
[ 5718175ms] [ERROR] WebSocket connection to 'ws://localhost:5180/' failed: Error in connection establishment: net::ERR_CONNECTION_REFUSED @ http://localhost:5180/@vite/client:1034
[ 5720238ms] [ERROR] WebSocket connection to 'ws://localhost:5180/' failed: Error in connection establishment: net::ERR_CONNECTION_REFUSED @ http://localhost:5180/@vite/client:1034
[ 5723128ms] [ERROR] WebSocket connection to 'ws://localhost:5180/' failed: Error in connection establishment: net::ERR_CONNECTION_REFUSED @ http://localhost:5180/@vite/client:1034
[ 5727984ms] [ERROR] WebSocket connection to 'ws://localhost:5180/' failed: Error in connection establishment: net::ERR_CONNECTION_REFUSED @ http://localhost:5180/@vite/client:1034
[ 5731915ms] [ERROR] WebSocket connection to 'ws://localhost:5180/' failed: Error in connection establishment: net::ERR_CONNECTION_REFUSED @ http://localhost:5180/@vite/client:1034
[ 5734263ms] [ERROR] WebSocket connection to 'ws://localhost:5180/' failed: Error in connection establishment: net::ERR_CONNECTION_REFUSED @ http://localhost:5180/@vite/client:1034
[ 5738550ms] [ERROR] WebSocket connection to 'ws://localhost:5180/' failed: Error in connection establishment: net::ERR_CONNECTION_REFUSED @ http://localhost:5180/@vite/client:1034
[ 5741175ms] [ERROR] WebSocket connection to 'ws://localhost:5180/' failed: Error in connection establishment: net::ERR_CONNECTION_REFUSED @ http://localhost:5180/@vite/client:1034
[ 5744506ms] [ERROR] WebSocket connection to 'ws://localhost:5180/' failed: Error in connection establishment: net::ERR_CONNECTION_REFUSED @ http://localhost:5180/@vite/client:1034
[ 5748444ms] [ERROR] WebSocket connection to 'ws://localhost:5180/' failed: Error in connection establishment: net::ERR_CONNECTION_REFUSED @ http://localhost:5180/@vite/client:1034
[ 5751139ms] [ERROR] WebSocket connection to 'ws://localhost:5180/' failed: Error in connection establishment: net::ERR_CONNECTION_REFUSED @ http://localhost:5180/@vite/client:1034
[ 5753544ms] [ERROR] WebSocket connection to 'ws://localhost:5180/' failed: Error in connection establishment: net::ERR_CONNECTION_REFUSED @ http://localhost:5180/@vite/client:1034
[ 5757190ms] [ERROR] WebSocket connection to 'ws://localhost:5180/' failed: Error in connection establishment: net::ERR_CONNECTION_REFUSED @ http://localhost:5180/@vite/client:1034
[ 5761865ms] [ERROR] WebSocket connection to 'ws://localhost:5180/' failed: Error in connection establishment: net::ERR_CONNECTION_REFUSED @ http://localhost:5180/@vite/client:1034
[ 5764049ms] [ERROR] WebSocket connection to 'ws://localhost:5180/' failed: Error in connection establishment: net::ERR_CONNECTION_REFUSED @ http://localhost:5180/@vite/client:1034
[ 5767694ms] [ERROR] WebSocket connection to 'ws://localhost:5180/' failed: Error in connection establishment: net::ERR_CONNECTION_REFUSED @ http://localhost:5180/@vite/client:1034
[ 5772598ms] [ERROR] WebSocket connection to 'ws://localhost:5180/' failed: Error in connection establishment: net::ERR_CONNECTION_REFUSED @ http://localhost:5180/@vite/client:1034
[ 5777032ms] [ERROR] WebSocket connection to 'ws://localhost:5180/' failed: Error in connection establishment: net::ERR_CONNECTION_REFUSED @ http://localhost:5180/@vite/client:1034
[ 5781698ms] [ERROR] WebSocket connection to 'ws://localhost:5180/' failed: Error in connection establishment: net::ERR_CONNECTION_REFUSED @ http://localhost:5180/@vite/client:1034
[ 5786931ms] [ERROR] WebSocket connection to 'ws://localhost:5180/' failed: Error in connection establishment: net::ERR_CONNECTION_REFUSED @ http://localhost:5180/@vite/client:1034
[ 5792742ms] [ERROR] WebSocket connection to 'ws://localhost:5180/' failed: Error in connection establishment: net::ERR_CONNECTION_REFUSED @ http://localhost:5180/@vite/client:1034
[ 5796324ms] [ERROR] WebSocket connection to 'ws://localhost:5180/' failed: Error in connection establishment: net::ERR_CONNECTION_REFUSED @ http://localhost:5180/@vite/client:1034
[ 5799645ms] [ERROR] WebSocket connection to 'ws://localhost:5180/' failed: Error in connection establishment: net::ERR_CONNECTION_REFUSED @ http://localhost:5180/@vite/client:1034
[ 5802831ms] [ERROR] WebSocket connection to 'ws://localhost:5180/' failed: Error in connection establishment: net::ERR_CONNECTION_REFUSED @ http://localhost:5180/@vite/client:1034
[ 5805838ms] [ERROR] WebSocket connection to 'ws://localhost:5180/' failed: Error in connection establishment: net::ERR_CONNECTION_REFUSED @ http://localhost:5180/@vite/client:1034
[ 5807850ms] [ERROR] WebSocket connection to 'ws://localhost:5180/' failed: Error in connection establishment: net::ERR_CONNECTION_REFUSED @ http://localhost:5180/@vite/client:1034
[ 5812658ms] [ERROR] WebSocket connection to 'ws://localhost:5180/' failed: Error in connection establishment: net::ERR_CONNECTION_REFUSED @ http://localhost:5180/@vite/client:1034
[ 5816356ms] [ERROR] WebSocket connection to 'ws://localhost:5180/' failed: Error in connection establishment: net::ERR_CONNECTION_REFUSED @ http://localhost:5180/@vite/client:1034
[ 5821372ms] [ERROR] WebSocket connection to 'ws://localhost:5180/' failed: Error in connection establishment: net::ERR_CONNECTION_REFUSED @ http://localhost:5180/@vite/client:1034
[ 5824922ms] [ERROR] WebSocket connection to 'ws://localhost:5180/' failed: Error in connection establishment: net::ERR_CONNECTION_REFUSED @ http://localhost:5180/@vite/client:1034
[ 5825923ms] [ERROR] WebSocket connection to 'ws://localhost:5180/' failed: Error in connection establishment: net::ERR_CONNECTION_REFUSED @ http://localhost:5180/@vite/client:1034
[ 5826925ms] [ERROR] WebSocket connection to 'ws://localhost:5180/' failed: Error in connection establishment: net::ERR_CONNECTION_REFUSED @ http://localhost:5180/@vite/client:1034
[ 5827926ms] [ERROR] WebSocket connection to 'ws://localhost:5180/' failed: Error in connection establishment: net::ERR_CONNECTION_REFUSED @ http://localhost:5180/@vite/client:1034
[ 5828929ms] [ERROR] WebSocket connection to 'ws://localhost:5180/' failed: Error in connection establishment: net::ERR_CONNECTION_REFUSED @ http://localhost:5180/@vite/client:1034
[ 5829935ms] [ERROR] WebSocket connection to 'ws://localhost:5180/' failed: Error in connection establishment: net::ERR_CONNECTION_REFUSED @ http://localhost:5180/@vite/client:1034
[ 5830941ms] [ERROR] WebSocket connection to 'ws://localhost:5180/' failed: Error in connection establishment: net::ERR_CONNECTION_REFUSED @ http://localhost:5180/@vite/client:1034
[ 5831949ms] [ERROR] WebSocket connection to 'ws://localhost:5180/' failed: Error in connection establishment: net::ERR_CONNECTION_REFUSED @ http://localhost:5180/@vite/client:1034
[ 5832960ms] [ERROR] WebSocket connection to 'ws://localhost:5180/' failed: Error in connection establishment: net::ERR_CONNECTION_REFUSED @ http://localhost:5180/@vite/client:1034
[ 5833998ms] [ERROR] WebSocket connection to 'ws://localhost:5180/' failed: Error in connection establishment: net::ERR_CONNECTION_REFUSED @ http://localhost:5180/@vite/client:1034
[ 5835031ms] [ERROR] WebSocket connection to 'ws://localhost:5180/' failed: Error in connection establishment: net::ERR_CONNECTION_REFUSED @ http://localhost:5180/@vite/client:1034
[ 5836081ms] [ERROR] WebSocket connection to 'ws://localhost:5180/' failed: Error in connection establishment: net::ERR_CONNECTION_REFUSED @ http://localhost:5180/@vite/client:1034
[ 5837272ms] [ERROR] WebSocket connection to 'ws://localhost:5180/' failed: Error in connection establishment: net::ERR_CONNECTION_REFUSED @ http://localhost:5180/@vite/client:1034
[ 5838613ms] [ERROR] WebSocket connection to 'ws://localhost:5180/' failed: Error in connection establishment: net::ERR_CONNECTION_REFUSED @ http://localhost:5180/@vite/client:1034
[ 5840055ms] [ERROR] WebSocket connection to 'ws://localhost:5180/' failed: Error in connection establishment: net::ERR_CONNECTION_REFUSED @ http://localhost:5180/@vite/client:1034
[ 5843478ms] [ERROR] WebSocket connection to 'ws://localhost:5180/' failed: Error in connection establishment: net::ERR_CONNECTION_REFUSED @ http://localhost:5180/@vite/client:1034
[ 5845534ms] [ERROR] WebSocket connection to 'ws://localhost:5180/' failed: Error in connection establishment: net::ERR_CONNECTION_REFUSED @ http://localhost:5180/@vite/client:1034
[ 5851478ms] [ERROR] WebSocket connection to 'ws://localhost:5180/' failed: Error in connection establishment: net::ERR_CONNECTION_REFUSED @ http://localhost:5180/@vite/client:1034
[ 5856548ms] [ERROR] WebSocket connection to 'ws://localhost:5180/' failed: Error in connection establishment: net::ERR_CONNECTION_REFUSED @ http://localhost:5180/@vite/client:1034
[ 5859144ms] [ERROR] WebSocket connection to 'ws://localhost:5180/' failed: Error in connection establishment: net::ERR_CONNECTION_REFUSED @ http://localhost:5180/@vite/client:1034
[ 5862615ms] [ERROR] WebSocket connection to 'ws://localhost:5180/' failed: Error in connection establishment: net::ERR_CONNECTION_REFUSED @ http://localhost:5180/@vite/client:1034
[ 5865582ms] [ERROR] WebSocket connection to 'ws://localhost:5180/' failed: Error in connection establishment: net::ERR_CONNECTION_REFUSED @ http://localhost:5180/@vite/client:1034
[ 5869985ms] [ERROR] WebSocket connection to 'ws://localhost:5180/' failed: Error in connection establishment: net::ERR_CONNECTION_REFUSED @ http://localhost:5180/@vite/client:1034
[ 5873723ms] [ERROR] WebSocket connection to 'ws://localhost:5180/' failed: Error in connection establishment: net::ERR_CONNECTION_REFUSED @ http://localhost:5180/@vite/client:1034
[ 5876524ms] [ERROR] WebSocket connection to 'ws://localhost:5180/' failed: Error in connection establishment: net::ERR_CONNECTION_REFUSED @ http://localhost:5180/@vite/client:1034
[ 5880294ms] [ERROR] WebSocket connection to 'ws://localhost:5180/' failed: Error in connection establishment: net::ERR_CONNECTION_REFUSED @ http://localhost:5180/@vite/client:1034
[ 5885398ms] [ERROR] WebSocket connection to 'ws://localhost:5180/' failed: Error in connection establishment: net::ERR_CONNECTION_REFUSED @ http://localhost:5180/@vite/client:1034
[ 5889845ms] [ERROR] WebSocket connection to 'ws://localhost:5180/' failed: Error in connection establishment: net::ERR_CONNECTION_REFUSED @ http://localhost:5180/@vite/client:1034
[ 5895307ms] [ERROR] WebSocket connection to 'ws://localhost:5180/' failed: Error in connection establishment: net::ERR_CONNECTION_REFUSED @ http://localhost:5180/@vite/client:1034
[ 5899627ms] [ERROR] WebSocket connection to 'ws://localhost:5180/' failed: Error in connection establishment: net::ERR_CONNECTION_REFUSED @ http://localhost:5180/@vite/client:1034
[ 5904178ms] [ERROR] WebSocket connection to 'ws://localhost:5180/' failed: Error in connection establishment: net::ERR_CONNECTION_REFUSED @ http://localhost:5180/@vite/client:1034
[ 5907127ms] [ERROR] WebSocket connection to 'ws://localhost:5180/' failed: Error in connection establishment: net::ERR_CONNECTION_REFUSED @ http://localhost:5180/@vite/client:1034
[ 5910848ms] [ERROR] WebSocket connection to 'ws://localhost:5180/' failed: Error in connection establishment: net::ERR_CONNECTION_REFUSED @ http://localhost:5180/@vite/client:1034
[ 5916181ms] [ERROR] WebSocket connection to 'ws://localhost:5180/' failed: Error in connection establishment: net::ERR_CONNECTION_REFUSED @ http://localhost:5180/@vite/client:1034
[ 5921061ms] [ERROR] WebSocket connection to 'ws://localhost:5180/' failed: Error in connection establishment: net::ERR_CONNECTION_REFUSED @ http://localhost:5180/@vite/client:1034
[ 5923528ms] [ERROR] WebSocket connection to 'ws://localhost:5180/' failed: Error in connection establishment: net::ERR_CONNECTION_REFUSED @ http://localhost:5180/@vite/client:1034
[ 5925944ms] [ERROR] WebSocket connection to 'ws://localhost:5180/' failed: Error in connection establishment: net::ERR_CONNECTION_REFUSED @ http://localhost:5180/@vite/client:1034
[ 5930327ms] [ERROR] WebSocket connection to 'ws://localhost:5180/' failed: Error in connection establishment: net::ERR_CONNECTION_REFUSED @ http://localhost:5180/@vite/client:1034
[ 5934349ms] [ERROR] WebSocket connection to 'ws://localhost:5180/' failed: Error in connection establishment: net::ERR_CONNECTION_REFUSED @ http://localhost:5180/@vite/client:1034
[ 5940244ms] [ERROR] WebSocket connection to 'ws://localhost:5180/' failed: Error in connection establishment: net::ERR_CONNECTION_REFUSED @ http://localhost:5180/@vite/client:1034
[ 5946044ms] [ERROR] WebSocket connection to 'ws://localhost:5180/' failed: Error in connection establishment: net::ERR_CONNECTION_REFUSED @ http://localhost:5180/@vite/client:1034
[ 5950811ms] [ERROR] WebSocket connection to 'ws://localhost:5180/' failed: Error in connection establishment: net::ERR_CONNECTION_REFUSED @ http://localhost:5180/@vite/client:1034
[ 5956071ms] [ERROR] WebSocket connection to 'ws://localhost:5180/' failed: Error in connection establishment: net::ERR_CONNECTION_REFUSED @ http://localhost:5180/@vite/client:1034
[ 5962027ms] [ERROR] WebSocket connection to 'ws://localhost:5180/' failed: Error in connection establishment: net::ERR_CONNECTION_REFUSED @ http://localhost:5180/@vite/client:1034
[ 5967582ms] [ERROR] WebSocket connection to 'ws://localhost:5180/' failed: Error in connection establishment: net::ERR_CONNECTION_REFUSED @ http://localhost:5180/@vite/client:1034
[ 5969707ms] [ERROR] WebSocket connection to 'ws://localhost:5180/' failed: Error in connection establishment: net::ERR_CONNECTION_REFUSED @ http://localhost:5180/@vite/client:1034
[ 5973113ms] [ERROR] WebSocket connection to 'ws://localhost:5180/' failed: Error in connection establishment: net::ERR_CONNECTION_REFUSED @ http://localhost:5180/@vite/client:1034
[ 5978727ms] [ERROR] WebSocket connection to 'ws://localhost:5180/' failed: Error in connection establishment: net::ERR_CONNECTION_REFUSED @ http://localhost:5180/@vite/client:1034
[ 5983075ms] [ERROR] WebSocket connection to 'ws://localhost:5180/' failed: Error in connection establishment: net::ERR_CONNECTION_REFUSED @ http://localhost:5180/@vite/client:1034
[ 5988883ms] [ERROR] WebSocket connection to 'ws://localhost:5180/' failed: Error in connection establishment: net::ERR_CONNECTION_REFUSED @ http://localhost:5180/@vite/client:1034
[ 5991944ms] [ERROR] WebSocket connection to 'ws://localhost:5180/' failed: Error in connection establishment: net::ERR_CONNECTION_REFUSED @ http://localhost:5180/@vite/client:1034
[ 5993961ms] [ERROR] WebSocket connection to 'ws://localhost:5180/' failed: Error in connection establishment: net::ERR_CONNECTION_REFUSED @ http://localhost:5180/@vite/client:1034
[ 5997328ms] [ERROR] WebSocket connection to 'ws://localhost:5180/' failed: Error in connection establishment: net::ERR_CONNECTION_REFUSED @ http://localhost:5180/@vite/client:1034
[ 6000779ms] [ERROR] WebSocket connection to 'ws://localhost:5180/' failed: Error in connection establishment: net::ERR_CONNECTION_REFUSED @ http://localhost:5180/@vite/client:1034
[ 6005555ms] [ERROR] WebSocket connection to 'ws://localhost:5180/' failed: Error in connection establishment: net::ERR_CONNECTION_REFUSED @ http://localhost:5180/@vite/client:1034
[ 6010249ms] [ERROR] WebSocket connection to 'ws://localhost:5180/' failed: Error in connection establishment: net::ERR_CONNECTION_REFUSED @ http://localhost:5180/@vite/client:1034
[ 6016131ms] [ERROR] WebSocket connection to 'ws://localhost:5180/' failed: Error in connection establishment: net::ERR_CONNECTION_REFUSED @ http://localhost:5180/@vite/client:1034
[ 6019582ms] [ERROR] WebSocket connection to 'ws://localhost:5180/' failed: Error in connection establishment: net::ERR_CONNECTION_REFUSED @ http://localhost:5180/@vite/client:1034
[ 6024738ms] [ERROR] WebSocket connection to 'ws://localhost:5180/' failed: Error in connection establishment: net::ERR_CONNECTION_REFUSED @ http://localhost:5180/@vite/client:1034
[ 6029394ms] [ERROR] WebSocket connection to 'ws://localhost:5180/' failed: Error in connection establishment: net::ERR_CONNECTION_REFUSED @ http://localhost:5180/@vite/client:1034
[ 6034010ms] [ERROR] WebSocket connection to 'ws://localhost:5180/' failed: Error in connection establishment: net::ERR_CONNECTION_REFUSED @ http://localhost:5180/@vite/client:1034
[ 6039803ms] [ERROR] WebSocket connection to 'ws://localhost:5180/' failed: Error in connection establishment: net::ERR_CONNECTION_REFUSED @ http://localhost:5180/@vite/client:1034
[ 6045261ms] [ERROR] WebSocket connection to 'ws://localhost:5180/' failed: Error in connection establishment: net::ERR_CONNECTION_REFUSED @ http://localhost:5180/@vite/client:1034
[ 6047836ms] [ERROR] WebSocket connection to 'ws://localhost:5180/' failed: Error in connection establishment: net::ERR_CONNECTION_REFUSED @ http://localhost:5180/@vite/client:1034
[ 6051251ms] [ERROR] WebSocket connection to 'ws://localhost:5180/' failed: Error in connection establishment: net::ERR_CONNECTION_REFUSED @ http://localhost:5180/@vite/client:1034
[ 6053789ms] [ERROR] WebSocket connection to 'ws://localhost:5180/' failed: Error in connection establishment: net::ERR_CONNECTION_REFUSED @ http://localhost:5180/@vite/client:1034
[ 6056869ms] [ERROR] WebSocket connection to 'ws://localhost:5180/' failed: Error in connection establishment: net::ERR_CONNECTION_REFUSED @ http://localhost:5180/@vite/client:1034
[ 6061356ms] [ERROR] WebSocket connection to 'ws://localhost:5180/' failed: Error in connection establishment: net::ERR_CONNECTION_REFUSED @ http://localhost:5180/@vite/client:1034
[ 6063821ms] [ERROR] WebSocket connection to 'ws://localhost:5180/' failed: Error in connection establishment: net::ERR_CONNECTION_REFUSED @ http://localhost:5180/@vite/client:1034
[ 6068402ms] [ERROR] WebSocket connection to 'ws://localhost:5180/' failed: Error in connection establishment: net::ERR_CONNECTION_REFUSED @ http://localhost:5180/@vite/client:1034
[ 6070751ms] [ERROR] WebSocket connection to 'ws://localhost:5180/' failed: Error in connection establishment: net::ERR_CONNECTION_REFUSED @ http://localhost:5180/@vite/client:1034
[ 6073860ms] [ERROR] WebSocket connection to 'ws://localhost:5180/' failed: Error in connection establishment: net::ERR_CONNECTION_REFUSED @ http://localhost:5180/@vite/client:1034
[ 6078310ms] [ERROR] WebSocket connection to 'ws://localhost:5180/' failed: Error in connection establishment: net::ERR_CONNECTION_REFUSED @ http://localhost:5180/@vite/client:1034
[ 6083069ms] [ERROR] WebSocket connection to 'ws://localhost:5180/' failed: Error in connection establishment: net::ERR_CONNECTION_REFUSED @ http://localhost:5180/@vite/client:1034
[ 6087720ms] [ERROR] WebSocket connection to 'ws://localhost:5180/' failed: Error in connection establishment: net::ERR_CONNECTION_REFUSED @ http://localhost:5180/@vite/client:1034
[ 6090036ms] [ERROR] WebSocket connection to 'ws://localhost:5180/' failed: Error in connection establishment: net::ERR_CONNECTION_REFUSED @ http://localhost:5180/@vite/client:1034
[ 6095861ms] [ERROR] WebSocket connection to 'ws://localhost:5180/' failed: Error in connection establishment: net::ERR_CONNECTION_REFUSED @ http://localhost:5180/@vite/client:1034
[ 6099211ms] [ERROR] WebSocket connection to 'ws://localhost:5180/' failed: Error in connection establishment: net::ERR_CONNECTION_REFUSED @ http://localhost:5180/@vite/client:1034
[ 6101836ms] [ERROR] WebSocket connection to 'ws://localhost:5180/' failed: Error in connection establishment: net::ERR_CONNECTION_REFUSED @ http://localhost:5180/@vite/client:1034
[ 6104286ms] [ERROR] WebSocket connection to 'ws://localhost:5180/' failed: Error in connection establishment: net::ERR_CONNECTION_REFUSED @ http://localhost:5180/@vite/client:1034
[ 6108752ms] [ERROR] WebSocket connection to 'ws://localhost:5180/' failed: Error in connection establishment: net::ERR_CONNECTION_REFUSED @ http://localhost:5180/@vite/client:1034
[ 6110809ms] [ERROR] WebSocket connection to 'ws://localhost:5180/' failed: Error in connection establishment: net::ERR_CONNECTION_REFUSED @ http://localhost:5180/@vite/client:1034
[ 6113098ms] [ERROR] WebSocket connection to 'ws://localhost:5180/' failed: Error in connection establishment: net::ERR_CONNECTION_REFUSED @ http://localhost:5180/@vite/client:1034
[ 6115171ms] [ERROR] WebSocket connection to 'ws://localhost:5180/' failed: Error in connection establishment: net::ERR_CONNECTION_REFUSED @ http://localhost:5180/@vite/client:1034
[ 6117927ms] [ERROR] WebSocket connection to 'ws://localhost:5180/' failed: Error in connection establishment: net::ERR_CONNECTION_REFUSED @ http://localhost:5180/@vite/client:1034
[ 6123320ms] [ERROR] WebSocket connection to 'ws://localhost:5180/' failed: Error in connection establishment: net::ERR_CONNECTION_REFUSED @ http://localhost:5180/@vite/client:1034
[ 6126589ms] [ERROR] WebSocket connection to 'ws://localhost:5180/' failed: Error in connection establishment: net::ERR_CONNECTION_REFUSED @ http://localhost:5180/@vite/client:1034
[ 6129227ms] [ERROR] WebSocket connection to 'ws://localhost:5180/' failed: Error in connection establishment: net::ERR_CONNECTION_REFUSED @ http://localhost:5180/@vite/client:1034
[ 6133827ms] [ERROR] WebSocket connection to 'ws://localhost:5180/' failed: Error in connection establishment: net::ERR_CONNECTION_REFUSED @ http://localhost:5180/@vite/client:1034
[ 6137154ms] [ERROR] WebSocket connection to 'ws://localhost:5180/' failed: Error in connection establishment: net::ERR_CONNECTION_REFUSED @ http://localhost:5180/@vite/client:1034
[ 6141429ms] [ERROR] WebSocket connection to 'ws://localhost:5180/' failed: Error in connection establishment: net::ERR_CONNECTION_REFUSED @ http://localhost:5180/@vite/client:1034
[ 6145378ms] [ERROR] WebSocket connection to 'ws://localhost:5180/' failed: Error in connection establishment: net::ERR_CONNECTION_REFUSED @ http://localhost:5180/@vite/client:1034
[ 6147770ms] [ERROR] WebSocket connection to 'ws://localhost:5180/' failed: Error in connection establishment: net::ERR_CONNECTION_REFUSED @ http://localhost:5180/@vite/client:1034
[ 6152687ms] [ERROR] WebSocket connection to 'ws://localhost:5180/' failed: Error in connection establishment: net::ERR_CONNECTION_REFUSED @ http://localhost:5180/@vite/client:1034
[ 6158393ms] [ERROR] WebSocket connection to 'ws://localhost:5180/' failed: Error in connection establishment: net::ERR_CONNECTION_REFUSED @ http://localhost:5180/@vite/client:1034
[ 6163371ms] [ERROR] WebSocket connection to 'ws://localhost:5180/' failed: Error in connection establishment: net::ERR_CONNECTION_REFUSED @ http://localhost:5180/@vite/client:1034
[ 6169130ms] [ERROR] WebSocket connection to 'ws://localhost:5180/' failed: Error in connection establishment: net::ERR_CONNECTION_REFUSED @ http://localhost:5180/@vite/client:1034
[ 6174043ms] [ERROR] WebSocket connection to 'ws://localhost:5180/' failed: Error in connection establishment: net::ERR_CONNECTION_REFUSED @ http://localhost:5180/@vite/client:1034
[ 6177983ms] [ERROR] WebSocket connection to 'ws://localhost:5180/' failed: Error in connection establishment: net::ERR_CONNECTION_REFUSED @ http://localhost:5180/@vite/client:1034
[ 6180443ms] [ERROR] WebSocket connection to 'ws://localhost:5180/' failed: Error in connection establishment: net::ERR_CONNECTION_REFUSED @ http://localhost:5180/@vite/client:1034
[ 6182527ms] [ERROR] WebSocket connection to 'ws://localhost:5180/' failed: Error in connection establishment: net::ERR_CONNECTION_REFUSED @ http://localhost:5180/@vite/client:1034
[ 6185753ms] [ERROR] WebSocket connection to 'ws://localhost:5180/' failed: Error in connection establishment: net::ERR_CONNECTION_REFUSED @ http://localhost:5180/@vite/client:1034
[ 6186755ms] [ERROR] WebSocket connection to 'ws://localhost:5180/' failed: Error in connection establishment: net::ERR_CONNECTION_REFUSED @ http://localhost:5180/@vite/client:1034
[ 6187757ms] [ERROR] WebSocket connection to 'ws://localhost:5180/' failed: Error in connection establishment: net::ERR_CONNECTION_REFUSED @ http://localhost:5180/@vite/client:1034
[ 6188759ms] [ERROR] WebSocket connection to 'ws://localhost:5180/' failed: Error in connection establishment: net::ERR_CONNECTION_REFUSED @ http://localhost:5180/@vite/client:1034
[ 6189761ms] [ERROR] WebSocket connection to 'ws://localhost:5180/' failed: Error in connection establishment: net::ERR_CONNECTION_REFUSED @ http://localhost:5180/@vite/client:1034
[ 6190766ms] [ERROR] WebSocket connection to 'ws://localhost:5180/' failed: Error in connection establishment: net::ERR_CONNECTION_REFUSED @ http://localhost:5180/@vite/client:1034
[ 6191769ms] [ERROR] WebSocket connection to 'ws://localhost:5180/' failed: Error in connection establishment: net::ERR_CONNECTION_REFUSED @ http://localhost:5180/@vite/client:1034
[ 6192781ms] [ERROR] WebSocket connection to 'ws://localhost:5180/' failed: Error in connection establishment: net::ERR_CONNECTION_REFUSED @ http://localhost:5180/@vite/client:1034
[ 6193797ms] [ERROR] WebSocket connection to 'ws://localhost:5180/' failed: Error in connection establishment: net::ERR_CONNECTION_REFUSED @ http://localhost:5180/@vite/client:1034
[ 6194810ms] [ERROR] WebSocket connection to 'ws://localhost:5180/' failed: Error in connection establishment: net::ERR_CONNECTION_REFUSED @ http://localhost:5180/@vite/client:1034
[ 6195864ms] [ERROR] WebSocket connection to 'ws://localhost:5180/' failed: Error in connection establishment: net::ERR_CONNECTION_REFUSED @ http://localhost:5180/@vite/client:1034
[ 6197010ms] [ERROR] WebSocket connection to 'ws://localhost:5180/' failed: Error in connection establishment: net::ERR_CONNECTION_REFUSED @ http://localhost:5180/@vite/client:1034
[ 6198220ms] [ERROR] WebSocket connection to 'ws://localhost:5180/' failed: Error in connection establishment: net::ERR_CONNECTION_REFUSED @ http://localhost:5180/@vite/client:1034
[ 6199491ms] [ERROR] WebSocket connection to 'ws://localhost:5180/' failed: Error in connection establishment: net::ERR_CONNECTION_REFUSED @ http://localhost:5180/@vite/client:1034
[ 6200797ms] [ERROR] WebSocket connection to 'ws://localhost:5180/' failed: Error in connection establishment: net::ERR_CONNECTION_REFUSED @ http://localhost:5180/@vite/client:1034
[ 6202497ms] [ERROR] WebSocket connection to 'ws://localhost:5180/' failed: Error in connection establishment: net::ERR_CONNECTION_REFUSED @ http://localhost:5180/@vite/client:1034
[ 6204610ms] [ERROR] WebSocket connection to 'ws://localhost:5180/' failed: Error in connection establishment: net::ERR_CONNECTION_REFUSED @ http://localhost:5180/@vite/client:1034
[ 6209768ms] [ERROR] WebSocket connection to 'ws://localhost:5180/' failed: Error in connection establishment: net::ERR_CONNECTION_REFUSED @ http://localhost:5180/@vite/client:1034
[ 6212314ms] [ERROR] WebSocket connection to 'ws://localhost:5180/' failed: Error in connection establishment: net::ERR_CONNECTION_REFUSED @ http://localhost:5180/@vite/client:1034
[ 6214569ms] [ERROR] WebSocket connection to 'ws://localhost:5180/' failed: Error in connection establishment: net::ERR_CONNECTION_REFUSED @ http://localhost:5180/@vite/client:1034
[ 6217089ms] [ERROR] WebSocket connection to 'ws://localhost:5180/' failed: Error in connection establishment: net::ERR_CONNECTION_REFUSED @ http://localhost:5180/@vite/client:1034
[ 6222593ms] [ERROR] WebSocket connection to 'ws://localhost:5180/' failed: Error in connection establishment: net::ERR_CONNECTION_REFUSED @ http://localhost:5180/@vite/client:1034
[ 6228343ms] [ERROR] WebSocket connection to 'ws://localhost:5180/' failed: Error in connection establishment: net::ERR_CONNECTION_REFUSED @ http://localhost:5180/@vite/client:1034
[ 6231737ms] [ERROR] WebSocket connection to 'ws://localhost:5180/' failed: Error in connection establishment: net::ERR_CONNECTION_REFUSED @ http://localhost:5180/@vite/client:1034
[ 6235715ms] [ERROR] WebSocket connection to 'ws://localhost:5180/' failed: Error in connection establishment: net::ERR_CONNECTION_REFUSED @ http://localhost:5180/@vite/client:1034
[ 6238744ms] [ERROR] WebSocket connection to 'ws://localhost:5180/' failed: Error in connection establishment: net::ERR_CONNECTION_REFUSED @ http://localhost:5180/@vite/client:1034
[ 6242460ms] [ERROR] WebSocket connection to 'ws://localhost:5180/' failed: Error in connection establishment: net::ERR_CONNECTION_REFUSED @ http://localhost:5180/@vite/client:1034
[ 6244536ms] [ERROR] WebSocket connection to 'ws://localhost:5180/' failed: Error in connection establishment: net::ERR_CONNECTION_REFUSED @ http://localhost:5180/@vite/client:1034
[ 6247065ms] [ERROR] WebSocket connection to 'ws://localhost:5180/' failed: Error in connection establishment: net::ERR_CONNECTION_REFUSED @ http://localhost:5180/@vite/client:1034
[ 6251660ms] [ERROR] WebSocket connection to 'ws://localhost:5180/' failed: Error in connection establishment: net::ERR_CONNECTION_REFUSED @ http://localhost:5180/@vite/client:1034
[ 6255893ms] [ERROR] WebSocket connection to 'ws://localhost:5180/' failed: Error in connection establishment: net::ERR_CONNECTION_REFUSED @ http://localhost:5180/@vite/client:1034
[ 6261305ms] [ERROR] WebSocket connection to 'ws://localhost:5180/' failed: Error in connection establishment: net::ERR_CONNECTION_REFUSED @ http://localhost:5180/@vite/client:1034
[ 6263955ms] [ERROR] WebSocket connection to 'ws://localhost:5180/' failed: Error in connection establishment: net::ERR_CONNECTION_REFUSED @ http://localhost:5180/@vite/client:1034
[ 6267043ms] [ERROR] WebSocket connection to 'ws://localhost:5180/' failed: Error in connection establishment: net::ERR_CONNECTION_REFUSED @ http://localhost:5180/@vite/client:1034
[ 6272269ms] [ERROR] WebSocket connection to 'ws://localhost:5180/' failed: Error in connection establishment: net::ERR_CONNECTION_REFUSED @ http://localhost:5180/@vite/client:1034
[ 6276387ms] [ERROR] WebSocket connection to 'ws://localhost:5180/' failed: Error in connection establishment: net::ERR_CONNECTION_REFUSED @ http://localhost:5180/@vite/client:1034
[ 6278543ms] [ERROR] WebSocket connection to 'ws://localhost:5180/' failed: Error in connection establishment: net::ERR_CONNECTION_REFUSED @ http://localhost:5180/@vite/client:1034
[ 6281916ms] [ERROR] WebSocket connection to 'ws://localhost:5180/' failed: Error in connection establishment: net::ERR_CONNECTION_REFUSED @ http://localhost:5180/@vite/client:1034
[ 6287137ms] [ERROR] WebSocket connection to 'ws://localhost:5180/' failed: Error in connection establishment: net::ERR_CONNECTION_REFUSED @ http://localhost:5180/@vite/client:1034
[ 6290631ms] [ERROR] WebSocket connection to 'ws://localhost:5180/' failed: Error in connection establishment: net::ERR_CONNECTION_REFUSED @ http://localhost:5180/@vite/client:1034
[ 6296321ms] [ERROR] WebSocket connection to 'ws://localhost:5180/' failed: Error in connection establishment: net::ERR_CONNECTION_REFUSED @ http://localhost:5180/@vite/client:1034
[ 6300382ms] [ERROR] WebSocket connection to 'ws://localhost:5180/' failed: Error in connection establishment: net::ERR_CONNECTION_REFUSED @ http://localhost:5180/@vite/client:1034
[ 6303898ms] [ERROR] WebSocket connection to 'ws://localhost:5180/' failed: Error in connection establishment: net::ERR_CONNECTION_REFUSED @ http://localhost:5180/@vite/client:1034
[ 6309138ms] [ERROR] WebSocket connection to 'ws://localhost:5180/' failed: Error in connection establishment: net::ERR_CONNECTION_REFUSED @ http://localhost:5180/@vite/client:1034
[ 6314538ms] [ERROR] WebSocket connection to 'ws://localhost:5180/' failed: Error in connection establishment: net::ERR_CONNECTION_REFUSED @ http://localhost:5180/@vite/client:1034
[ 6317776ms] [ERROR] WebSocket connection to 'ws://localhost:5180/' failed: Error in connection establishment: net::ERR_CONNECTION_REFUSED @ http://localhost:5180/@vite/client:1034
[ 6323226ms] [ERROR] WebSocket connection to 'ws://localhost:5180/' failed: Error in connection establishment: net::ERR_CONNECTION_REFUSED @ http://localhost:5180/@vite/client:1034
[ 6327013ms] [ERROR] WebSocket connection to 'ws://localhost:5180/' failed: Error in connection establishment: net::ERR_CONNECTION_REFUSED @ http://localhost:5180/@vite/client:1034
[ 6332593ms] [ERROR] WebSocket connection to 'ws://localhost:5180/' failed: Error in connection establishment: net::ERR_CONNECTION_REFUSED @ http://localhost:5180/@vite/client:1034
[ 6334727ms] [ERROR] WebSocket connection to 'ws://localhost:5180/' failed: Error in connection establishment: net::ERR_CONNECTION_REFUSED @ http://localhost:5180/@vite/client:1034
[ 6338493ms] [ERROR] WebSocket connection to 'ws://localhost:5180/' failed: Error in connection establishment: net::ERR_CONNECTION_REFUSED @ http://localhost:5180/@vite/client:1034
[ 6341044ms] [ERROR] WebSocket connection to 'ws://localhost:5180/' failed: Error in connection establishment: net::ERR_CONNECTION_REFUSED @ http://localhost:5180/@vite/client:1034
[ 6345345ms] [ERROR] WebSocket connection to 'ws://localhost:5180/' failed: Error in connection establishment: net::ERR_CONNECTION_REFUSED @ http://localhost:5180/@vite/client:1034
[ 6350372ms] [ERROR] WebSocket connection to 'ws://localhost:5180/' failed: Error in connection establishment: net::ERR_CONNECTION_REFUSED @ http://localhost:5180/@vite/client:1034
[ 6352993ms] [ERROR] WebSocket connection to 'ws://localhost:5180/' failed: Error in connection establishment: net::ERR_CONNECTION_REFUSED @ http://localhost:5180/@vite/client:1034
[ 6358792ms] [ERROR] WebSocket connection to 'ws://localhost:5180/' failed: Error in connection establishment: net::ERR_CONNECTION_REFUSED @ http://localhost:5180/@vite/client:1034
[ 6362782ms] [ERROR] WebSocket connection to 'ws://localhost:5180/' failed: Error in connection establishment: net::ERR_CONNECTION_REFUSED @ http://localhost:5180/@vite/client:1034
[ 6365226ms] [ERROR] WebSocket connection to 'ws://localhost:5180/' failed: Error in connection establishment: net::ERR_CONNECTION_REFUSED @ http://localhost:5180/@vite/client:1034
[ 6370242ms] [ERROR] WebSocket connection to 'ws://localhost:5180/' failed: Error in connection establishment: net::ERR_CONNECTION_REFUSED @ http://localhost:5180/@vite/client:1034
[ 6373682ms] [ERROR] WebSocket connection to 'ws://localhost:5180/' failed: Error in connection establishment: net::ERR_CONNECTION_REFUSED @ http://localhost:5180/@vite/client:1034
[ 6377919ms] [ERROR] WebSocket connection to 'ws://localhost:5180/' failed: Error in connection establishment: net::ERR_CONNECTION_REFUSED @ http://localhost:5180/@vite/client:1034
[ 6380631ms] [ERROR] WebSocket connection to 'ws://localhost:5180/' failed: Error in connection establishment: net::ERR_CONNECTION_REFUSED @ http://localhost:5180/@vite/client:1034
[ 6383094ms] [ERROR] WebSocket connection to 'ws://localhost:5180/' failed: Error in connection establishment: net::ERR_CONNECTION_REFUSED @ http://localhost:5180/@vite/client:1034
[ 6385885ms] [ERROR] WebSocket connection to 'ws://localhost:5180/' failed: Error in connection establishment: net::ERR_CONNECTION_REFUSED @ http://localhost:5180/@vite/client:1034
[ 6390434ms] [ERROR] WebSocket connection to 'ws://localhost:5180/' failed: Error in connection establishment: net::ERR_CONNECTION_REFUSED @ http://localhost:5180/@vite/client:1034
[ 6395187ms] [ERROR] WebSocket connection to 'ws://localhost:5180/' failed: Error in connection establishment: net::ERR_CONNECTION_REFUSED @ http://localhost:5180/@vite/client:1034
[ 6399976ms] [ERROR] WebSocket connection to 'ws://localhost:5180/' failed: Error in connection establishment: net::ERR_CONNECTION_REFUSED @ http://localhost:5180/@vite/client:1034
[ 6403639ms] [ERROR] WebSocket connection to 'ws://localhost:5180/' failed: Error in connection establishment: net::ERR_CONNECTION_REFUSED @ http://localhost:5180/@vite/client:1034
[ 6408443ms] [ERROR] WebSocket connection to 'ws://localhost:5180/' failed: Error in connection establishment: net::ERR_CONNECTION_REFUSED @ http://localhost:5180/@vite/client:1034
[ 6414314ms] [ERROR] WebSocket connection to 'ws://localhost:5180/' failed: Error in connection establishment: net::ERR_CONNECTION_REFUSED @ http://localhost:5180/@vite/client:1034
[ 6419457ms] [ERROR] WebSocket connection to 'ws://localhost:5180/' failed: Error in connection establishment: net::ERR_CONNECTION_REFUSED @ http://localhost:5180/@vite/client:1034
[ 6421505ms] [ERROR] WebSocket connection to 'ws://localhost:5180/' failed: Error in connection establishment: net::ERR_CONNECTION_REFUSED @ http://localhost:5180/@vite/client:1034
[ 6423631ms] [ERROR] WebSocket connection to 'ws://localhost:5180/' failed: Error in connection establishment: net::ERR_CONNECTION_REFUSED @ http://localhost:5180/@vite/client:1034
[ 6426237ms] [ERROR] WebSocket connection to 'ws://localhost:5180/' failed: Error in connection establishment: net::ERR_CONNECTION_REFUSED @ http://localhost:5180/@vite/client:1034
[ 6427239ms] [ERROR] WebSocket connection to 'ws://localhost:5180/' failed: Error in connection establishment: net::ERR_CONNECTION_REFUSED @ http://localhost:5180/@vite/client:1034
[ 6428243ms] [ERROR] WebSocket connection to 'ws://localhost:5180/' failed: Error in connection establishment: net::ERR_CONNECTION_REFUSED @ http://localhost:5180/@vite/client:1034
[ 6429246ms] [ERROR] WebSocket connection to 'ws://localhost:5180/' failed: Error in connection establishment: net::ERR_CONNECTION_REFUSED @ http://localhost:5180/@vite/client:1034
[ 6430249ms] [ERROR] WebSocket connection to 'ws://localhost:5180/' failed: Error in connection establishment: net::ERR_CONNECTION_REFUSED @ http://localhost:5180/@vite/client:1034
[ 6431252ms] [ERROR] WebSocket connection to 'ws://localhost:5180/' failed: Error in connection establishment: net::ERR_CONNECTION_REFUSED @ http://localhost:5180/@vite/client:1034
[ 6432255ms] [ERROR] WebSocket connection to 'ws://localhost:5180/' failed: Error in connection establishment: net::ERR_CONNECTION_REFUSED @ http://localhost:5180/@vite/client:1034
[ 6433265ms] [ERROR] WebSocket connection to 'ws://localhost:5180/' failed: Error in connection establishment: net::ERR_CONNECTION_REFUSED @ http://localhost:5180/@vite/client:1034
[ 6434281ms] [ERROR] WebSocket connection to 'ws://localhost:5180/' failed: Error in connection establishment: net::ERR_CONNECTION_REFUSED @ http://localhost:5180/@vite/client:1034
[ 6435316ms] [ERROR] WebSocket connection to 'ws://localhost:5180/' failed: Error in connection establishment: net::ERR_CONNECTION_REFUSED @ http://localhost:5180/@vite/client:1034
[ 6436359ms] [ERROR] WebSocket connection to 'ws://localhost:5180/' failed: Error in connection establishment: net::ERR_CONNECTION_REFUSED @ http://localhost:5180/@vite/client:1034
[ 6437501ms] [ERROR] WebSocket connection to 'ws://localhost:5180/' failed: Error in connection establishment: net::ERR_CONNECTION_REFUSED @ http://localhost:5180/@vite/client:1034
[ 6438750ms] [ERROR] WebSocket connection to 'ws://localhost:5180/' failed: Error in connection establishment: net::ERR_CONNECTION_REFUSED @ http://localhost:5180/@vite/client:1034
[ 6440381ms] [ERROR] WebSocket connection to 'ws://localhost:5180/' failed: Error in connection establishment: net::ERR_CONNECTION_REFUSED @ http://localhost:5180/@vite/client:1034
[ 6442018ms] [ERROR] WebSocket connection to 'ws://localhost:5180/' failed: Error in connection establishment: net::ERR_CONNECTION_REFUSED @ http://localhost:5180/@vite/client:1034
[ 6443875ms] [ERROR] WebSocket connection to 'ws://localhost:5180/' failed: Error in connection establishment: net::ERR_CONNECTION_REFUSED @ http://localhost:5180/@vite/client:1034
[ 6449519ms] [ERROR] WebSocket connection to 'ws://localhost:5180/' failed: Error in connection establishment: net::ERR_CONNECTION_REFUSED @ http://localhost:5180/@vite/client:1034
[ 6451853ms] [ERROR] WebSocket connection to 'ws://localhost:5180/' failed: Error in connection establishment: net::ERR_CONNECTION_REFUSED @ http://localhost:5180/@vite/client:1034
[ 6457203ms] [ERROR] WebSocket connection to 'ws://localhost:5180/' failed: Error in connection establishment: net::ERR_CONNECTION_REFUSED @ http://localhost:5180/@vite/client:1034
[ 6461999ms] [ERROR] WebSocket connection to 'ws://localhost:5180/' failed: Error in connection establishment: net::ERR_CONNECTION_REFUSED @ http://localhost:5180/@vite/client:1034
[ 6464296ms] [ERROR] WebSocket connection to 'ws://localhost:5180/' failed: Error in connection establishment: net::ERR_CONNECTION_REFUSED @ http://localhost:5180/@vite/client:1034
[ 6468543ms] [ERROR] WebSocket connection to 'ws://localhost:5180/' failed: Error in connection establishment: net::ERR_CONNECTION_REFUSED @ http://localhost:5180/@vite/client:1034
[ 6471450ms] [ERROR] WebSocket connection to 'ws://localhost:5180/' failed: Error in connection establishment: net::ERR_CONNECTION_REFUSED @ http://localhost:5180/@vite/client:1034
[ 6475282ms] [ERROR] WebSocket connection to 'ws://localhost:5180/' failed: Error in connection establishment: net::ERR_CONNECTION_REFUSED @ http://localhost:5180/@vite/client:1034
[ 6480026ms] [ERROR] WebSocket connection to 'ws://localhost:5180/' failed: Error in connection establishment: net::ERR_CONNECTION_REFUSED @ http://localhost:5180/@vite/client:1034
[ 6485110ms] [ERROR] WebSocket connection to 'ws://localhost:5180/' failed: Error in connection establishment: net::ERR_CONNECTION_REFUSED @ http://localhost:5180/@vite/client:1034
[ 6491026ms] [ERROR] WebSocket connection to 'ws://localhost:5180/' failed: Error in connection establishment: net::ERR_CONNECTION_REFUSED @ http://localhost:5180/@vite/client:1034
[ 6496326ms] [ERROR] WebSocket connection to 'ws://localhost:5180/' failed: Error in connection establishment: net::ERR_CONNECTION_REFUSED @ http://localhost:5180/@vite/client:1034
[ 6500953ms] [ERROR] WebSocket connection to 'ws://localhost:5180/' failed: Error in connection establishment: net::ERR_CONNECTION_REFUSED @ http://localhost:5180/@vite/client:1034
[ 6504341ms] [ERROR] WebSocket connection to 'ws://localhost:5180/' failed: Error in connection establishment: net::ERR_CONNECTION_REFUSED @ http://localhost:5180/@vite/client:1034
[ 6506838ms] [ERROR] WebSocket connection to 'ws://localhost:5180/' failed: Error in connection establishment: net::ERR_CONNECTION_REFUSED @ http://localhost:5180/@vite/client:1034
[ 6510599ms] [ERROR] WebSocket connection to 'ws://localhost:5180/' failed: Error in connection establishment: net::ERR_CONNECTION_REFUSED @ http://localhost:5180/@vite/client:1034
[ 6513287ms] [ERROR] WebSocket connection to 'ws://localhost:5180/' failed: Error in connection establishment: net::ERR_CONNECTION_REFUSED @ http://localhost:5180/@vite/client:1034
[ 6517714ms] [ERROR] WebSocket connection to 'ws://localhost:5180/' failed: Error in connection establishment: net::ERR_CONNECTION_REFUSED @ http://localhost:5180/@vite/client:1034
[ 6519991ms] [ERROR] WebSocket connection to 'ws://localhost:5180/' failed: Error in connection establishment: net::ERR_CONNECTION_REFUSED @ http://localhost:5180/@vite/client:1034
[ 6522186ms] [ERROR] WebSocket connection to 'ws://localhost:5180/' failed: Error in connection establishment: net::ERR_CONNECTION_REFUSED @ http://localhost:5180/@vite/client:1034
[ 6524361ms] [ERROR] WebSocket connection to 'ws://localhost:5180/' failed: Error in connection establishment: net::ERR_CONNECTION_REFUSED @ http://localhost:5180/@vite/client:1034
[ 6526365ms] [ERROR] WebSocket connection to 'ws://localhost:5180/' failed: Error in connection establishment: net::ERR_CONNECTION_REFUSED @ http://localhost:5180/@vite/client:1034
[ 6532227ms] [ERROR] WebSocket connection to 'ws://localhost:5180/' failed: Error in connection establishment: net::ERR_CONNECTION_REFUSED @ http://localhost:5180/@vite/client:1034
[ 6535970ms] [ERROR] WebSocket connection to 'ws://localhost:5180/' failed: Error in connection establishment: net::ERR_CONNECTION_REFUSED @ http://localhost:5180/@vite/client:1034
[ 6538058ms] [ERROR] WebSocket connection to 'ws://localhost:5180/' failed: Error in connection establishment: net::ERR_CONNECTION_REFUSED @ http://localhost:5180/@vite/client:1034
[ 6542280ms] [ERROR] WebSocket connection to 'ws://localhost:5180/' failed: Error in connection establishment: net::ERR_CONNECTION_REFUSED @ http://localhost:5180/@vite/client:1034
[ 6546815ms] [ERROR] WebSocket connection to 'ws://localhost:5180/' failed: Error in connection establishment: net::ERR_CONNECTION_REFUSED @ http://localhost:5180/@vite/client:1034
[ 6547817ms] [ERROR] WebSocket connection to 'ws://localhost:5180/' failed: Error in connection establishment: net::ERR_CONNECTION_REFUSED @ http://localhost:5180/@vite/client:1034
[ 6548820ms] [ERROR] WebSocket connection to 'ws://localhost:5180/' failed: Error in connection establishment: net::ERR_CONNECTION_REFUSED @ http://localhost:5180/@vite/client:1034
[ 6549823ms] [ERROR] WebSocket connection to 'ws://localhost:5180/' failed: Error in connection establishment: net::ERR_CONNECTION_REFUSED @ http://localhost:5180/@vite/client:1034
[ 6550825ms] [ERROR] WebSocket connection to 'ws://localhost:5180/' failed: Error in connection establishment: net::ERR_CONNECTION_REFUSED @ http://localhost:5180/@vite/client:1034
[ 6551828ms] [ERROR] WebSocket connection to 'ws://localhost:5180/' failed: Error in connection establishment: net::ERR_CONNECTION_REFUSED @ http://localhost:5180/@vite/client:1034
[ 6552832ms] [ERROR] WebSocket connection to 'ws://localhost:5180/' failed: Error in connection establishment: net::ERR_CONNECTION_REFUSED @ http://localhost:5180/@vite/client:1034
[ 6553837ms] [ERROR] WebSocket connection to 'ws://localhost:5180/' failed: Error in connection establishment: net::ERR_CONNECTION_REFUSED @ http://localhost:5180/@vite/client:1034
[ 6554847ms] [ERROR] WebSocket connection to 'ws://localhost:5180/' failed: Error in connection establishment: net::ERR_CONNECTION_REFUSED @ http://localhost:5180/@vite/client:1034
[ 6555864ms] [ERROR] WebSocket connection to 'ws://localhost:5180/' failed: Error in connection establishment: net::ERR_CONNECTION_REFUSED @ http://localhost:5180/@vite/client:1034
[ 6556907ms] [ERROR] WebSocket connection to 'ws://localhost:5180/' failed: Error in connection establishment: net::ERR_CONNECTION_REFUSED @ http://localhost:5180/@vite/client:1034
[ 6557992ms] [ERROR] WebSocket connection to 'ws://localhost:5180/' failed: Error in connection establishment: net::ERR_CONNECTION_REFUSED @ http://localhost:5180/@vite/client:1034
[ 6559253ms] [ERROR] WebSocket connection to 'ws://localhost:5180/' failed: Error in connection establishment: net::ERR_CONNECTION_REFUSED @ http://localhost:5180/@vite/client:1034
[ 6560424ms] [ERROR] WebSocket connection to 'ws://localhost:5180/' failed: Error in connection establishment: net::ERR_CONNECTION_REFUSED @ http://localhost:5180/@vite/client:1034
[ 6562639ms] [ERROR] WebSocket connection to 'ws://localhost:5180/' failed: Error in connection establishment: net::ERR_CONNECTION_REFUSED @ http://localhost:5180/@vite/client:1034
[ 6566059ms] [ERROR] WebSocket connection to 'ws://localhost:5180/' failed: Error in connection establishment: net::ERR_CONNECTION_REFUSED @ http://localhost:5180/@vite/client:1034
[ 6568497ms] [ERROR] WebSocket connection to 'ws://localhost:5180/' failed: Error in connection establishment: net::ERR_CONNECTION_REFUSED @ http://localhost:5180/@vite/client:1034
[ 6570585ms] [ERROR] WebSocket connection to 'ws://localhost:5180/' failed: Error in connection establishment: net::ERR_CONNECTION_REFUSED @ http://localhost:5180/@vite/client:1034
[ 6576334ms] [ERROR] WebSocket connection to 'ws://localhost:5180/' failed: Error in connection establishment: net::ERR_CONNECTION_REFUSED @ http://localhost:5180/@vite/client:1034
[ 6580975ms] [ERROR] WebSocket connection to 'ws://localhost:5180/' failed: Error in connection establishment: net::ERR_CONNECTION_REFUSED @ http://localhost:5180/@vite/client:1034
[ 6586492ms] [ERROR] WebSocket connection to 'ws://localhost:5180/' failed: Error in connection establishment: net::ERR_CONNECTION_REFUSED @ http://localhost:5180/@vite/client:1034
[ 6589026ms] [ERROR] WebSocket connection to 'ws://localhost:5180/' failed: Error in connection establishment: net::ERR_CONNECTION_REFUSED @ http://localhost:5180/@vite/client:1034
[ 6592940ms] [ERROR] WebSocket connection to 'ws://localhost:5180/' failed: Error in connection establishment: net::ERR_CONNECTION_REFUSED @ http://localhost:5180/@vite/client:1034
[ 6595124ms] [ERROR] WebSocket connection to 'ws://localhost:5180/' failed: Error in connection establishment: net::ERR_CONNECTION_REFUSED @ http://localhost:5180/@vite/client:1034
[ 6597435ms] [ERROR] WebSocket connection to 'ws://localhost:5180/' failed: Error in connection establishment: net::ERR_CONNECTION_REFUSED @ http://localhost:5180/@vite/client:1034
[ 6601615ms] [ERROR] WebSocket connection to 'ws://localhost:5180/' failed: Error in connection establishment: net::ERR_CONNECTION_REFUSED @ http://localhost:5180/@vite/client:1034
[ 6606629ms] [ERROR] WebSocket connection to 'ws://localhost:5180/' failed: Error in connection establishment: net::ERR_CONNECTION_REFUSED @ http://localhost:5180/@vite/client:1034
[ 6611387ms] [ERROR] WebSocket connection to 'ws://localhost:5180/' failed: Error in connection establishment: net::ERR_CONNECTION_REFUSED @ http://localhost:5180/@vite/client:1034
[ 6614880ms] [ERROR] WebSocket connection to 'ws://localhost:5180/' failed: Error in connection establishment: net::ERR_CONNECTION_REFUSED @ http://localhost:5180/@vite/client:1034
[ 6617959ms] [ERROR] WebSocket connection to 'ws://localhost:5180/' failed: Error in connection establishment: net::ERR_CONNECTION_REFUSED @ http://localhost:5180/@vite/client:1034
[ 6621397ms] [ERROR] WebSocket connection to 'ws://localhost:5180/' failed: Error in connection establishment: net::ERR_CONNECTION_REFUSED @ http://localhost:5180/@vite/client:1034
[ 6626424ms] [ERROR] WebSocket connection to 'ws://localhost:5180/' failed: Error in connection establishment: net::ERR_CONNECTION_REFUSED @ http://localhost:5180/@vite/client:1034
[ 6630885ms] [ERROR] WebSocket connection to 'ws://localhost:5180/' failed: Error in connection establishment: net::ERR_CONNECTION_REFUSED @ http://localhost:5180/@vite/client:1034
[ 6633530ms] [ERROR] WebSocket connection to 'ws://localhost:5180/' failed: Error in connection establishment: net::ERR_CONNECTION_REFUSED @ http://localhost:5180/@vite/client:1034
[ 6636259ms] [ERROR] WebSocket connection to 'ws://localhost:5180/' failed: Error in connection establishment: net::ERR_CONNECTION_REFUSED @ http://localhost:5180/@vite/client:1034
[ 6641680ms] [ERROR] WebSocket connection to 'ws://localhost:5180/' failed: Error in connection establishment: net::ERR_CONNECTION_REFUSED @ http://localhost:5180/@vite/client:1034
[ 6645035ms] [ERROR] WebSocket connection to 'ws://localhost:5180/' failed: Error in connection establishment: net::ERR_CONNECTION_REFUSED @ http://localhost:5180/@vite/client:1034
[ 6648176ms] [ERROR] WebSocket connection to 'ws://localhost:5180/' failed: Error in connection establishment: net::ERR_CONNECTION_REFUSED @ http://localhost:5180/@vite/client:1034
[ 6651657ms] [ERROR] WebSocket connection to 'ws://localhost:5180/' failed: Error in connection establishment: net::ERR_CONNECTION_REFUSED @ http://localhost:5180/@vite/client:1034
[ 6654853ms] [ERROR] WebSocket connection to 'ws://localhost:5180/' failed: Error in connection establishment: net::ERR_CONNECTION_REFUSED @ http://localhost:5180/@vite/client:1034
[ 6657936ms] [ERROR] WebSocket connection to 'ws://localhost:5180/' failed: Error in connection establishment: net::ERR_CONNECTION_REFUSED @ http://localhost:5180/@vite/client:1034
[ 6661941ms] [ERROR] WebSocket connection to 'ws://localhost:5180/' failed: Error in connection establishment: net::ERR_CONNECTION_REFUSED @ http://localhost:5180/@vite/client:1034
[ 6666234ms] [ERROR] WebSocket connection to 'ws://localhost:5180/' failed: Error in connection establishment: net::ERR_CONNECTION_REFUSED @ http://localhost:5180/@vite/client:1034
[ 6669392ms] [ERROR] WebSocket connection to 'ws://localhost:5180/' failed: Error in connection establishment: net::ERR_CONNECTION_REFUSED @ http://localhost:5180/@vite/client:1034
[ 6673980ms] [ERROR] WebSocket connection to 'ws://localhost:5180/' failed: Error in connection establishment: net::ERR_CONNECTION_REFUSED @ http://localhost:5180/@vite/client:1034
[ 6679013ms] [ERROR] WebSocket connection to 'ws://localhost:5180/' failed: Error in connection establishment: net::ERR_CONNECTION_REFUSED @ http://localhost:5180/@vite/client:1034
[ 6683148ms] [ERROR] WebSocket connection to 'ws://localhost:5180/' failed: Error in connection establishment: net::ERR_CONNECTION_REFUSED @ http://localhost:5180/@vite/client:1034
[ 6688444ms] [ERROR] WebSocket connection to 'ws://localhost:5180/' failed: Error in connection establishment: net::ERR_CONNECTION_REFUSED @ http://localhost:5180/@vite/client:1034
[ 6693658ms] [ERROR] WebSocket connection to 'ws://localhost:5180/' failed: Error in connection establishment: net::ERR_CONNECTION_REFUSED @ http://localhost:5180/@vite/client:1034
[ 6699191ms] [ERROR] WebSocket connection to 'ws://localhost:5180/' failed: Error in connection establishment: net::ERR_CONNECTION_REFUSED @ http://localhost:5180/@vite/client:1034
[ 6702730ms] [ERROR] WebSocket connection to 'ws://localhost:5180/' failed: Error in connection establishment: net::ERR_CONNECTION_REFUSED @ http://localhost:5180/@vite/client:1034
[ 6705787ms] [ERROR] WebSocket connection to 'ws://localhost:5180/' failed: Error in connection establishment: net::ERR_CONNECTION_REFUSED @ http://localhost:5180/@vite/client:1034
[ 6710629ms] [ERROR] WebSocket connection to 'ws://localhost:5180/' failed: Error in connection establishment: net::ERR_CONNECTION_REFUSED @ http://localhost:5180/@vite/client:1034
[ 6715629ms] [ERROR] WebSocket connection to 'ws://localhost:5180/' failed: Error in connection establishment: net::ERR_CONNECTION_REFUSED @ http://localhost:5180/@vite/client:1034
[ 6717938ms] [ERROR] WebSocket connection to 'ws://localhost:5180/' failed: Error in connection establishment: net::ERR_CONNECTION_REFUSED @ http://localhost:5180/@vite/client:1034
[ 6723820ms] [ERROR] WebSocket connection to 'ws://localhost:5180/' failed: Error in connection establishment: net::ERR_CONNECTION_REFUSED @ http://localhost:5180/@vite/client:1034
[ 6729104ms] [ERROR] WebSocket connection to 'ws://localhost:5180/' failed: Error in connection establishment: net::ERR_CONNECTION_REFUSED @ http://localhost:5180/@vite/client:1034
[ 6734696ms] [ERROR] WebSocket connection to 'ws://localhost:5180/' failed: Error in connection establishment: net::ERR_CONNECTION_REFUSED @ http://localhost:5180/@vite/client:1034
[ 6738948ms] [ERROR] WebSocket connection to 'ws://localhost:5180/' failed: Error in connection establishment: net::ERR_CONNECTION_REFUSED @ http://localhost:5180/@vite/client:1034
[ 6741788ms] [ERROR] WebSocket connection to 'ws://localhost:5180/' failed: Error in connection establishment: net::ERR_CONNECTION_REFUSED @ http://localhost:5180/@vite/client:1034
[ 6744000ms] [ERROR] WebSocket connection to 'ws://localhost:5180/' failed: Error in connection establishment: net::ERR_CONNECTION_REFUSED @ http://localhost:5180/@vite/client:1034
[ 6746974ms] [ERROR] WebSocket connection to 'ws://localhost:5180/' failed: Error in connection establishment: net::ERR_CONNECTION_REFUSED @ http://localhost:5180/@vite/client:1034
[ 6749480ms] [ERROR] WebSocket connection to 'ws://localhost:5180/' failed: Error in connection establishment: net::ERR_CONNECTION_REFUSED @ http://localhost:5180/@vite/client:1034
[ 6751964ms] [ERROR] WebSocket connection to 'ws://localhost:5180/' failed: Error in connection establishment: net::ERR_CONNECTION_REFUSED @ http://localhost:5180/@vite/client:1034
[ 6754458ms] [ERROR] WebSocket connection to 'ws://localhost:5180/' failed: Error in connection establishment: net::ERR_CONNECTION_REFUSED @ http://localhost:5180/@vite/client:1034
[ 6757498ms] [ERROR] WebSocket connection to 'ws://localhost:5180/' failed: Error in connection establishment: net::ERR_CONNECTION_REFUSED @ http://localhost:5180/@vite/client:1034
[ 6761422ms] [ERROR] WebSocket connection to 'ws://localhost:5180/' failed: Error in connection establishment: net::ERR_CONNECTION_REFUSED @ http://localhost:5180/@vite/client:1034
[ 6763946ms] [ERROR] WebSocket connection to 'ws://localhost:5180/' failed: Error in connection establishment: net::ERR_CONNECTION_REFUSED @ http://localhost:5180/@vite/client:1034
[ 6766542ms] [ERROR] WebSocket connection to 'ws://localhost:5180/' failed: Error in connection establishment: net::ERR_CONNECTION_REFUSED @ http://localhost:5180/@vite/client:1034
[ 6771271ms] [ERROR] WebSocket connection to 'ws://localhost:5180/' failed: Error in connection establishment: net::ERR_CONNECTION_REFUSED @ http://localhost:5180/@vite/client:1034
[ 6776630ms] [ERROR] WebSocket connection to 'ws://localhost:5180/' failed: Error in connection establishment: net::ERR_CONNECTION_REFUSED @ http://localhost:5180/@vite/client:1034
[ 6781601ms] [ERROR] WebSocket connection to 'ws://localhost:5180/' failed: Error in connection establishment: net::ERR_CONNECTION_REFUSED @ http://localhost:5180/@vite/client:1034
[ 6787411ms] [ERROR] WebSocket connection to 'ws://localhost:5180/' failed: Error in connection establishment: net::ERR_CONNECTION_REFUSED @ http://localhost:5180/@vite/client:1034
[ 6788413ms] [ERROR] WebSocket connection to 'ws://localhost:5180/' failed: Error in connection establishment: net::ERR_CONNECTION_REFUSED @ http://localhost:5180/@vite/client:1034
[ 6789416ms] [ERROR] WebSocket connection to 'ws://localhost:5180/' failed: Error in connection establishment: net::ERR_CONNECTION_REFUSED @ http://localhost:5180/@vite/client:1034
[ 6790419ms] [ERROR] WebSocket connection to 'ws://localhost:5180/' failed: Error in connection establishment: net::ERR_CONNECTION_REFUSED @ http://localhost:5180/@vite/client:1034
[ 6791424ms] [ERROR] WebSocket connection to 'ws://localhost:5180/' failed: Error in connection establishment: net::ERR_CONNECTION_REFUSED @ http://localhost:5180/@vite/client:1034
[ 6792428ms] [ERROR] WebSocket connection to 'ws://localhost:5180/' failed: Error in connection establishment: net::ERR_CONNECTION_REFUSED @ http://localhost:5180/@vite/client:1034
[ 6793431ms] [ERROR] WebSocket connection to 'ws://localhost:5180/' failed: Error in connection establishment: net::ERR_CONNECTION_REFUSED @ http://localhost:5180/@vite/client:1034
[ 6794437ms] [ERROR] WebSocket connection to 'ws://localhost:5180/' failed: Error in connection establishment: net::ERR_CONNECTION_REFUSED @ http://localhost:5180/@vite/client:1034
[ 6795450ms] [ERROR] WebSocket connection to 'ws://localhost:5180/' failed: Error in connection establishment: net::ERR_CONNECTION_REFUSED @ http://localhost:5180/@vite/client:1034
[ 6796467ms] [ERROR] WebSocket connection to 'ws://localhost:5180/' failed: Error in connection establishment: net::ERR_CONNECTION_REFUSED @ http://localhost:5180/@vite/client:1034
[ 6797524ms] [ERROR] WebSocket connection to 'ws://localhost:5180/' failed: Error in connection establishment: net::ERR_CONNECTION_REFUSED @ http://localhost:5180/@vite/client:1034
[ 6798659ms] [ERROR] WebSocket connection to 'ws://localhost:5180/' failed: Error in connection establishment: net::ERR_CONNECTION_REFUSED @ http://localhost:5180/@vite/client:1034
[ 6799800ms] [ERROR] WebSocket connection to 'ws://localhost:5180/' failed: Error in connection establishment: net::ERR_CONNECTION_REFUSED @ http://localhost:5180/@vite/client:1034
[ 6800949ms] [ERROR] WebSocket connection to 'ws://localhost:5180/' failed: Error in connection establishment: net::ERR_CONNECTION_REFUSED @ http://localhost:5180/@vite/client:1034
[ 6803013ms] [ERROR] WebSocket connection to 'ws://localhost:5180/' failed: Error in connection establishment: net::ERR_CONNECTION_REFUSED @ http://localhost:5180/@vite/client:1034
[ 6804639ms] [ERROR] WebSocket connection to 'ws://localhost:5180/' failed: Error in connection establishment: net::ERR_CONNECTION_REFUSED @ http://localhost:5180/@vite/client:1034
[ 6810330ms] [ERROR] WebSocket connection to 'ws://localhost:5180/' failed: Error in connection establishment: net::ERR_CONNECTION_REFUSED @ http://localhost:5180/@vite/client:1034
[ 6812411ms] [ERROR] WebSocket connection to 'ws://localhost:5180/' failed: Error in connection establishment: net::ERR_CONNECTION_REFUSED @ http://localhost:5180/@vite/client:1034
[ 6817440ms] [ERROR] WebSocket connection to 'ws://localhost:5180/' failed: Error in connection establishment: net::ERR_CONNECTION_REFUSED @ http://localhost:5180/@vite/client:1034
[ 6822741ms] [ERROR] WebSocket connection to 'ws://localhost:5180/' failed: Error in connection establishment: net::ERR_CONNECTION_REFUSED @ http://localhost:5180/@vite/client:1034
[ 6827306ms] [ERROR] WebSocket connection to 'ws://localhost:5180/' failed: Error in connection establishment: net::ERR_CONNECTION_REFUSED @ http://localhost:5180/@vite/client:1034
[ 6829399ms] [ERROR] WebSocket connection to 'ws://localhost:5180/' failed: Error in connection establishment: net::ERR_CONNECTION_REFUSED @ http://localhost:5180/@vite/client:1034
[ 6833329ms] [ERROR] WebSocket connection to 'ws://localhost:5180/' failed: Error in connection establishment: net::ERR_CONNECTION_REFUSED @ http://localhost:5180/@vite/client:1034
[ 6835768ms] [ERROR] WebSocket connection to 'ws://localhost:5180/' failed: Error in connection establishment: net::ERR_CONNECTION_REFUSED @ http://localhost:5180/@vite/client:1034
[ 6838540ms] [ERROR] WebSocket connection to 'ws://localhost:5180/' failed: Error in connection establishment: net::ERR_CONNECTION_REFUSED @ http://localhost:5180/@vite/client:1034
[ 6844541ms] [ERROR] WebSocket connection to 'ws://localhost:5180/' failed: Error in connection establishment: net::ERR_CONNECTION_REFUSED @ http://localhost:5180/@vite/client:1034
