[     221ms] [LOG] 
%cEspere! font-family:helvetica; font-size:20px; font-size:50px; font-weight:bold; color:red; -webkit-text-stroke:1px black; @ https://static.cdninstagram.com/rsrc.php/v4/yo/r/pggYrbdbhM5.js:255
[     221ms] [LOG] 
%cEste é um recurso de navegador voltado para desenvolvedores. Se uma pessoa disse para você copiar e colar algo aqui para ativar um recurso do Instagram ou "invadir" a conta de outra pessoa, isso é uma fraude e você dará a ela acesso à sua conta. font-family:helvetica; font-size:20px;  @ https://static.cdninstagram.com/rsrc.php/v4/yo/r/pggYrbdbhM5.js:255
[     221ms] [LOG] 
%cConsulte https://www.facebook.com/selfxss para mais informações. font-family:helvetica; font-size:20px;  @ https://static.cdninstagram.com/rsrc.php/v4/yo/r/pggYrbdbhM5.js:255
[     221ms] [LOG] 
%c  @ https://static.cdninstagram.com/rsrc.php/v4/yo/r/pggYrbdbhM5.js:255
[     251ms] [INFO] Banner not shown: beforeinstallpromptevent.preventDefault() called. The page must call beforeinstallpromptevent.prompt() to show the banner. @ https://www.instagram.com/p/DIvxNuqtc3-/:0
[    1241ms] [WARNING] WebSocket connection to 'wss://edge-chat.instagram.com/chat?sid=14783134826495&cid=3b9fc152-0ba1-4a75-89f3-bc0e968f0da4' failed: WebSocket is closed before the connection is established. @ https://static.cdninstagram.com/rsrc.php/v4iAKt4/yZ/l/pt_BR-j/VHJFWSarGKvGzrBUm-HRVeGHgzkEvVPQxTDuYWVPmXf5e_K9OXJlvuacHFHe9ZCSc90lDLEjyADv8ZjvEPyOv3W7rrCxjEFdRGjiFGHh9ozlMI_ULS_sLl_d_GZnQhktPxfsd4u9RG6sxvDgUuEsqlvNBGyFedKgMrz6aB2jk2OoOrFWVIttAPJZYybtVzR-Sd6eJPurbH5v0JOapT6NcZPgbUMtbqvTvaYGuUsdjix_yjQRtEG_co2ryRhTZK5IaZ9nPY7d2k2Mw28D_gpm0Wu_9i1yeMss4qV8E86nJRzW1XbaxyK-62mzcc5kjk5TMMsiJC02ez.js:543
[    1715ms] [LOG] 
%cEspere! font-family:helvetica; font-size:20px; font-size:50px; font-weight:bold; color:red; -webkit-text-stroke:1px black; @ https://static.cdninstagram.com/rsrc.php/v4/yo/r/pggYrbdbhM5.js:255
[    1715ms] [LOG] 
%cEste é um recurso de navegador voltado para desenvolvedores. Se uma pessoa disse para você copiar e colar algo aqui para ativar um recurso do Instagram ou "invadir" a conta de outra pessoa, isso é uma fraude e você dará a ela acesso à sua conta. font-family:helvetica; font-size:20px;  @ https://static.cdninstagram.com/rsrc.php/v4/yo/r/pggYrbdbhM5.js:255
[    1716ms] [LOG] 
%cConsulte https://www.facebook.com/selfxss para mais informações. font-family:helvetica; font-size:20px;  @ https://static.cdninstagram.com/rsrc.php/v4/yo/r/pggYrbdbhM5.js:255
[    1716ms] [LOG] 
%c  @ https://static.cdninstagram.com/rsrc.php/v4/yo/r/pggYrbdbhM5.js:255
[    2143ms] [INFO] Banner not shown: beforeinstallpromptevent.preventDefault() called. The page must call beforeinstallpromptevent.prompt() to show the banner. @ https://www.instagram.com/p/DL7wTr-sAe-/:0
[    5425ms] [ERROR] Permissions policy violation: unload is not allowed in this document. @ https://static.xx.fbcdn.net/rsrc.php/v4/ym/r/D86XEw3a--O.js:251
