[    1054ms] [LOG] 
%cEspere! font-family:helvetica; font-size:20px; font-size:50px; font-weight:bold; color:red; -webkit-text-stroke:1px black; @ https://static.cdninstagram.com/rsrc.php/v4/yo/r/pggYrbdbhM5.js:255
[    1054ms] [LOG] 
%cEste é um recurso de navegador voltado para desenvolvedores. Se uma pessoa disse para você copiar e colar algo aqui para ativar um recurso do Instagram ou "invadir" a conta de outra pessoa, isso é uma fraude e você dará a ela acesso à sua conta. font-family:helvetica; font-size:20px;  @ https://static.cdninstagram.com/rsrc.php/v4/yo/r/pggYrbdbhM5.js:255
[    1054ms] [LOG] 
%cConsulte https://www.facebook.com/selfxss para mais informações. font-family:helvetica; font-size:20px;  @ https://static.cdninstagram.com/rsrc.php/v4/yo/r/pggYrbdbhM5.js:255
[    1054ms] [LOG] 
%c  @ https://static.cdninstagram.com/rsrc.php/v4/yo/r/pggYrbdbhM5.js:255
[    1142ms] [INFO] Banner not shown: beforeinstallpromptevent.preventDefault() called. The page must call beforeinstallpromptevent.prompt() to show the banner. @ https://www.instagram.com/dramarcelabraz/p/DDQqFo3t3r9/:0
[    2191ms] [WARNING] WebSocket connection to 'wss://edge-chat.instagram.com/chat?sid=2739795402948607&cid=9efc2a61-0dfd-40a2-a9d6-5cd4303a9ba7' failed: WebSocket is closed before the connection is established. @ https://static.cdninstagram.com/rsrc.php/v4izsc4/ym/l/pt_BR-j/a6yLCLxv4yHVHJFWSarGKvGzrBUm-HRVeGHgzkEvVPQxTDuYWVPmXf5e_K9OXJlvuacHFHe9ZCSc90lDLEjyADv8ZjvEPyOv3W7rrCxjEFdRGjiFGHh9ozlMI_ULS_sLl_d_sQGCWN8UT65GZnQhktPxfsd4u9RG6sxvDgUuEsqlvNBGyFedKgMrz6aB2jk2OoOrFWVIttAPJZYybtVzR-Sd6eJPT6NcZPgbUMtbqvTvaYGuUsdjix_yjQRtEG_co2ryRhTZ2k2Mw28D_gpm0Wu_9i1yeMss4qV8E86nJRzW1XbaxyK-62mzcc5kjk5TMMsiJC02ez.js:703
[    4159ms] [LOG] 
%cEspere! font-family:helvetica; font-size:20px; font-size:50px; font-weight:bold; color:red; -webkit-text-stroke:1px black; @ https://static.cdninstagram.com/rsrc.php/v4/yo/r/pggYrbdbhM5.js:255
[    4159ms] [LOG] 
%cEste é um recurso de navegador voltado para desenvolvedores. Se uma pessoa disse para você copiar e colar algo aqui para ativar um recurso do Instagram ou "invadir" a conta de outra pessoa, isso é uma fraude e você dará a ela acesso à sua conta. font-family:helvetica; font-size:20px;  @ https://static.cdninstagram.com/rsrc.php/v4/yo/r/pggYrbdbhM5.js:255
[    4159ms] [LOG] 
%cConsulte https://www.facebook.com/selfxss para mais informações. font-family:helvetica; font-size:20px;  @ https://static.cdninstagram.com/rsrc.php/v4/yo/r/pggYrbdbhM5.js:255
[    4159ms] [LOG] 
%c  @ https://static.cdninstagram.com/rsrc.php/v4/yo/r/pggYrbdbhM5.js:255
[    4171ms] [INFO] Banner not shown: beforeinstallpromptevent.preventDefault() called. The page must call beforeinstallpromptevent.prompt() to show the banner. @ https://www.instagram.com/draiaratavares/:0
[    7381ms] [ERROR] Permissions policy violation: unload is not allowed in this document. @ https://static.xx.fbcdn.net/rsrc.php/v4/ym/r/D86XEw3a--O.js:251
