[     588ms] [VERBOSE] [DOM] Input elements should have autocomplete attributes (suggested: "current-password"): (More info: https://goo.gl/9p2vKq) %o @ https://www.instagram.com/:0
[     595ms] [LOG] 
%cEspere! font-family:helvetica; font-size:20px; font-size:50px; font-weight:bold; color:red; -webkit-text-stroke:1px black; @ https://static.cdninstagram.com/rsrc.php/v4/ya/r/R1pEz0OuWy4.js:255
[     595ms] [LOG] 
%cEste é um recurso de navegador voltado para desenvolvedores. Se uma pessoa disse para você copiar e colar algo aqui para ativar um recurso do Instagram ou "invadir" a conta de outra pessoa, isso é uma fraude e você dará a ela acesso à sua conta. font-family:helvetica; font-size:20px;  @ https://static.cdninstagram.com/rsrc.php/v4/ya/r/R1pEz0OuWy4.js:255
[     595ms] [LOG] 
%cConsulte https://www.facebook.com/selfxss para mais informações. font-family:helvetica; font-size:20px;  @ https://static.cdninstagram.com/rsrc.php/v4/ya/r/R1pEz0OuWy4.js:255
[     595ms] [LOG] 
%c  @ https://static.cdninstagram.com/rsrc.php/v4/ya/r/R1pEz0OuWy4.js:255
[     668ms] [INFO] Banner not shown: beforeinstallpromptevent.preventDefault() called. The page must call beforeinstallpromptevent.prompt() to show the banner. @ https://www.instagram.com/:0
[   39933ms] [LOG] 
%cEspere! font-family:helvetica; font-size:20px; font-size:50px; font-weight:bold; color:red; -webkit-text-stroke:1px black; @ https://static.cdninstagram.com/rsrc.php/v4/yK/r/y3UASupc0mW.js:255
[   39933ms] [LOG] 
%cEste é um recurso de navegador voltado para desenvolvedores. Se uma pessoa disse para você copiar e colar algo aqui para ativar um recurso do Instagram ou "invadir" a conta de outra pessoa, isso é uma fraude e você dará a ela acesso à sua conta. font-family:helvetica; font-size:20px;  @ https://static.cdninstagram.com/rsrc.php/v4/yK/r/y3UASupc0mW.js:255
[   39933ms] [LOG] 
%cConsulte https://www.facebook.com/selfxss para mais informações. font-family:helvetica; font-size:20px;  @ https://static.cdninstagram.com/rsrc.php/v4/yK/r/y3UASupc0mW.js:255
[   39933ms] [LOG] 
%c  @ https://static.cdninstagram.com/rsrc.php/v4/yK/r/y3UASupc0mW.js:255
[   39975ms] [ERROR] Failed to load resource: the server responded with a status of 429 () @ https://www.instagram.com/ajax/bulk-route-definitions/:0
[   39976ms] [ERROR] Failed to load resource: the server responded with a status of 429 () @ https://www.instagram.com/ajax/bulk-route-definitions/:0
[   40397ms] [INFO] Banner not shown: beforeinstallpromptevent.preventDefault() called. The page must call beforeinstallpromptevent.prompt() to show the banner. @ https://www.instagram.com/accounts/onetap/:0
[   41318ms] [ERROR] Connecting to 'https://www.google.com.br/rmkt/collect/858885276/?random=1775093226330&cv=11&fst=1775093226330&fmt=8&bg=ffffff&guid=ON&async=1&en=gtag.config&gtm=45be63v0v9193169939za200zd9193169939xec&gcd=13l3l3l3l1l1&dma=0&tag_exp=0~115616985~115938465~115938468~116991816~117884344&u_w=1470&u_h=956&url=https%3A%2F%2Fwww.fbsbx.com%2Fpaid_ads_pixel%2Fiframe%2F%3Ftag_ids%255B0%255D%3DAW-858885276%26labels%255B0%255D%3DqGVACPj3of0DEJyZxpkD%26sub_categories_ints%3D7148434200721666028%26funnel_id%3Dd39f6609-e87d-4bd0-b453-870...252FgGGApoCsAIEBgoMDhASFhgcHiAiJigqLDAyNjg6PLICQkTqAmZucHa%252BAnyOAZABwgKSAZYBmAGaAeYCogHIAroCqAGsAa4BsAGyAbQBzgK6Ab4B1gLAAcIBygLGAcgBygHMAcwC0AHUAdgB2gHoAtQC8gLwAuQB6AH4AfoB4AL8AYoCxgKMAo4CkAL&ref=https%3A%2F%2Fwww.instagram.com%2F&top=https%3A%2F%2Fwww.instagram.com%2F&frm=2&hn=www.googleadservices.com&npa=0&pscdl=noapi&uaa=arm&uab=64&uafvl=Chromium%3B146.0.7680.167%7CNot-A.Brand%3B24.0.0.0%7CGoogle%2520Chrome%3B146.0.7680.167&uamb=0&uam=&uap=macOS&uapv=15.6.1&uaw=0&data=event%3Dgtag.config&gcp=5&ipr=y' violates the following Content Security Policy directive: "connect-src *.facebook.com facebook.com *.fbcdn.net *.facebook.net wss://*.facebook.com:* attachment.fbsbx.com ws://localhost:* blob: *.cdninstagram.com 'self' *.fbsbx.com https://*.google-analytics.com *.doubleclick.net https://*.fbsbx.com https://www.google.com https://www.google.co.uk *.google.com". The action has been blocked. @ https://www.fbsbx.com/paid_ads_pixel/iframe/?tag_ids%5B0%5D=AW-858885276&labels%5B0%5D=qGVACPj3of0DEJyZxpkD&sub_categories_ints=7148434200721666028&funnel_id=d39f6609-e87d-4bd0-b453-870c5d21569f&caller=ig_paid_ads&sem_pixel_category=32&is_remarketing&__cci=FQAREiIVABn1cgLSAiRARkpMTlRYYGxyeHqAAYIBhAGGAYgBjAGcAZ4BzgHuAfAB%2FgGGApoCsAIEBgoMDhASFhgcHiAiJigqLDAyNjg6PLICQkTqAmZucHa%2BAnyOAZABwgKSAZYBmAGaAeYCogHIAroCqAGsAa4BsAGyAbQBzgK6Ab4B1gLAAcIBygLGAcgBygHMAcwC0AHUAdgB2gHoAtQC8gLwAuQB6AH4AfoB4AL8AYoCxgKMAo4CkALYApgCogIYDUluc3RhZ3JhbUhvc3QYBWlnd3d3GDBYUG9sYXJpc1BhaWRBZHNQaXhlbEdlbmVyYXRlQ29udHJvbGxlckNvbnRyb2xsZXIA.AarUzewiP_ZRgY3aoC9I2FPF0xZxT_J9mirv7qn5pX2fan3d:0
[   41321ms] [ERROR] Connecting to 'https://www.google.com.br/rmkt/collect/858885276/?random=1775093226341&cv=11&fst=1775093226341&fmt=8&bg=ffffff&guid=ON&async=1&en=conversion&gtm=45be63v0v9193169939za200zd9193169939xec&gcd=13l3l3l3l1l1&dma=0&tag_exp=0~115616985~115938465~115938468~116991816~117884344&u_w=1470&u_h=956&url=https%3A%2F%2Fwww.fbsbx.com%2Fpaid_ads_pixel%2Fiframe%2F%3Ftag_ids%255B0%255D%3DAW-858885276%26labels%255B0%255D%3DqGVACPj3of0DEJyZxpkD%26sub_categories_ints%3D7148434200721666028%26funnel_id%3Dd39f6609-e87d-4bd0-b453-870c...mZucHa%252BAnyOAZABwgKSAZYBmAGaAeYCogHIAroCqAGsAa4BsAGyAbQBzgK6Ab4B1gLAAcIBygLGAcgBygHMAcwC0AHUAdgB2gHoAtQC8gLwAuQB6AH4AfoB4AL8AYoCxgKMAo4CkAL&ref=https%3A%2F%2Fwww.instagram.com%2F&top=https%3A%2F%2Fwww.instagram.com%2F&label=qGVACPj3of0DEJyZxpkD&frm=2&value=1&currency_code=USD&hn=www.googleadservices.com&npa=0&pscdl=noapi&uaa=arm&uab=64&uafvl=Chromium%3B146.0.7680.167%7CNot-A.Brand%3B24.0.0.0%7CGoogle%2520Chrome%3B146.0.7680.167&uamb=0&uam=&uap=macOS&uapv=15.6.1&uaw=0&data=event%3Dconversion&gcp=5&ipr=y' violates the following Content Security Policy directive: "connect-src *.facebook.com facebook.com *.fbcdn.net *.facebook.net wss://*.facebook.com:* attachment.fbsbx.com ws://localhost:* blob: *.cdninstagram.com 'self' *.fbsbx.com https://*.google-analytics.com *.doubleclick.net https://*.fbsbx.com https://www.google.com https://www.google.co.uk *.google.com". The action has been blocked. @ https://www.fbsbx.com/paid_ads_pixel/iframe/?tag_ids%5B0%5D=AW-858885276&labels%5B0%5D=qGVACPj3of0DEJyZxpkD&sub_categories_ints=7148434200721666028&funnel_id=d39f6609-e87d-4bd0-b453-870c5d21569f&caller=ig_paid_ads&sem_pixel_category=32&is_remarketing&__cci=FQAREiIVABn1cgLSAiRARkpMTlRYYGxyeHqAAYIBhAGGAYgBjAGcAZ4BzgHuAfAB%2FgGGApoCsAIEBgoMDhASFhgcHiAiJigqLDAyNjg6PLICQkTqAmZucHa%2BAnyOAZABwgKSAZYBmAGaAeYCogHIAroCqAGsAa4BsAGyAbQBzgK6Ab4B1gLAAcIBygLGAcgBygHMAcwC0AHUAdgB2gHoAtQC8gLwAuQB6AH4AfoB4AL8AYoCxgKMAo4CkALYApgCogIYDUluc3RhZ3JhbUhvc3QYBWlnd3d3GDBYUG9sYXJpc1BhaWRBZHNQaXhlbEdlbmVyYXRlQ29udHJvbGxlckNvbnRyb2xsZXIA.AarUzewiP_ZRgY3aoC9I2FPF0xZxT_J9mirv7qn5pX2fan3d:0
[   43156ms] [ERROR] Failed to load resource: the server responded with a status of 429 () @ https://www.instagram.com/ajax/bulk-route-definitions/:0
[   43167ms] [ERROR] Failed to load resource: the server responded with a status of 429 () @ https://www.instagram.com/ajax/bulk-route-definitions/:0
[   43807ms] [ERROR] Permissions policy violation: unload is not allowed in this document. @ https://static.xx.fbcdn.net/rsrc.php/v4/ya/r/R1pEz0OuWy4.js:251
[   46335ms] [ERROR] Failed to load resource: the server responded with a status of 429 () @ https://www.instagram.com/ajax/bulk-route-definitions/:0
[   46355ms] [ERROR] Failed to load resource: the server responded with a status of 429 () @ https://www.instagram.com/ajax/bulk-route-definitions/:0
[   47488ms] [ERROR] Failed to load resource: the server responded with a status of 429 () @ https://www.instagram.com/ajax/bulk-route-definitions/:0
[   47857ms] [ERROR] Failed to load resource: the server responded with a status of 429 () @ https://www.instagram.com/ajax/bulk-route-definitions/:0
[   47866ms] [ERROR] Failed to load resource: the server responded with a status of 429 () @ https://www.instagram.com/ajax/bulk-route-definitions/:0
[   48140ms] [ERROR] Failed to load resource: the server responded with a status of 429 () @ https://www.instagram.com/ajax/bulk-route-definitions/:0
